0 verbose cli /usr/local/bin/node /usr/local/bin/npm
1 info using npm@11.11.0
2 info using node@v24.14.1
3 silly config load:file:/usr/local/lib/node_modules/npm/npmrc
4 silly config load:file:/Users/andrewmarkschaffer/App Development/mtg-goldfish-app/.npmrc
5 silly config load:file:/Users/andrewmarkschaffer/.npmrc
6 silly config load:file:/usr/local/etc/npmrc
7 verbose title npm install
8 verbose argv "install" "--legacy-peer-deps"
9 verbose logfile logs-max:10 dir:/Users/andrewmarkschaffer/App Development/mtg-goldfish-app/.npm-cache/_logs/2026-04-15T14_34_33_971Z-
10 verbose logfile /Users/andrewmarkschaffer/App Development/mtg-goldfish-app/.npm-cache/_logs/2026-04-15T14_34_33_971Z-debug-0.log
11 silly logfile start cleaning logs, removing 1 files
12 silly logfile done cleaning log files
13 silly packumentCache heap:2348810240 maxSize:587202560 maxEntrySize:293601280
14 silly idealTree buildDeps
15 silly fetch manifest react-native-svg@15.12.1
16 silly packumentCache full:https://registry.npmjs.org/react-native-svg cache-miss
17 http fetch GET 200 https://registry.npmjs.org/react-native-svg 459ms (cache revalidated)
18 silly packumentCache full:https://registry.npmjs.org/react-native-svg set size:787577 disposed:false
19 silly placeDep ROOT react-native-svg@15.12.1 OK for: mtg-goldfish-app@1.0.0 want: 15.12.1
20 silly fetch manifest css-tree@^1.1.3
21 silly packumentCache full:https://registry.npmjs.org/css-tree cache-miss
22 silly fetch manifest warn-once@0.1.1
23 silly packumentCache full:https://registry.npmjs.org/warn-once cache-miss
24 silly fetch manifest css-select@^5.1.0
25 silly packumentCache full:https://registry.npmjs.org/css-select cache-miss
26 http fetch GET 200 https://registry.npmjs.org/css-tree 65ms (cache revalidated)
27 silly packumentCache full:https://registry.npmjs.org/css-tree set size:229638 disposed:false
28 http fetch GET 200 https://registry.npmjs.org/warn-once 162ms (cache revalidated)
29 silly packumentCache full:https://registry.npmjs.org/warn-once set size:8138 disposed:false
30 http fetch GET 200 https://registry.npmjs.org/css-select 191ms (cache revalidated)
31 silly packumentCache full:https://registry.npmjs.org/css-select set size:111202 disposed:false
32 silly placeDep ROOT css-select@5.2.2 OK for: react-native-svg@15.12.1 want: ^5.1.0
33 silly placeDep ROOT css-tree@1.1.3 OK for: react-native-svg@15.12.1 want: ^1.1.3
34 silly placeDep ROOT warn-once@0.1.1 OK for: react-native-svg@15.12.1 want: 0.1.1
35 silly fetch manifest boolbase@^1.0.0
36 silly packumentCache full:https://registry.npmjs.org/boolbase cache-miss
37 silly fetch manifest css-what@^6.1.0
38 silly packumentCache full:https://registry.npmjs.org/css-what cache-miss
39 silly fetch manifest domutils@^3.0.1
40 silly packumentCache full:https://registry.npmjs.org/domutils cache-miss
41 http fetch GET 200 https://registry.npmjs.org/css-what 57ms (cache revalidated)
42 silly packumentCache full:https://registry.npmjs.org/css-what set size:81721 disposed:false
43 silly fetch manifest nth-check@^2.0.1
44 silly packumentCache full:https://registry.npmjs.org/nth-check cache-miss
45 http fetch GET 200 https://registry.npmjs.org/boolbase 63ms (cache revalidated)
46 silly packumentCache full:https://registry.npmjs.org/boolbase set size:4438 disposed:false
47 silly fetch manifest domhandler@^5.0.2
48 silly packumentCache full:https://registry.npmjs.org/domhandler cache-miss
49 http fetch GET 200 https://registry.npmjs.org/domutils 65ms (cache revalidated)
50 silly packumentCache full:https://registry.npmjs.org/domutils set size:110068 disposed:false
51 silly fetch manifest mdn-data@2.0.14
52 silly packumentCache full:https://registry.npmjs.org/mdn-data cache-miss
53 http fetch GET 200 https://registry.npmjs.org/nth-check 75ms (cache revalidated)
54 silly packumentCache full:https://registry.npmjs.org/nth-check set size:27445 disposed:false
55 silly fetch manifest source-map@^0.6.1
56 silly packumentCache full:https://registry.npmjs.org/source-map cache-miss
57 http fetch GET 200 https://registry.npmjs.org/mdn-data 78ms (cache revalidated)
58 silly packumentCache full:https://registry.npmjs.org/mdn-data set size:174141 disposed:false
59 http fetch GET 200 https://registry.npmjs.org/domhandler 87ms (cache revalidated)
60 silly packumentCache full:https://registry.npmjs.org/domhandler set size:78187 disposed:false
61 http fetch GET 200 https://registry.npmjs.org/source-map 73ms (cache revalidated)
62 silly packumentCache full:https://registry.npmjs.org/source-map set size:226141 disposed:false
63 silly placeDep ROOT boolbase@1.0.0 OK for: css-select@5.2.2 want: ^1.0.0
64 silly placeDep ROOT css-what@6.2.2 OK for: css-select@5.2.2 want: ^6.1.0
65 silly placeDep ROOT domhandler@5.0.3 OK for: css-select@5.2.2 want: ^5.0.2
66 silly placeDep ROOT domutils@3.2.2 OK for: css-select@5.2.2 want: ^3.0.1
67 silly placeDep ROOT nth-check@2.1.1 OK for: css-select@5.2.2 want: ^2.0.1
68 silly fetch manifest domelementtype@^2.3.0
69 silly packumentCache full:https://registry.npmjs.org/domelementtype cache-miss
70 silly fetch manifest dom-serializer@^2.0.0
71 silly packumentCache full:https://registry.npmjs.org/dom-serializer cache-miss
72 silly fetch manifest domelementtype@^2.3.0
73 silly packumentCache full:https://registry.npmjs.org/domelementtype cache-miss
74 http fetch GET 200 https://registry.npmjs.org/dom-serializer 63ms (cache revalidated)
75 silly packumentCache full:https://registry.npmjs.org/dom-serializer set size:55186 disposed:false
76 http fetch GET 200 https://registry.npmjs.org/domelementtype 70ms (cache revalidated)
77 silly packumentCache full:https://registry.npmjs.org/domelementtype set size:33363 disposed:false
78 http fetch GET 200 https://registry.npmjs.org/domelementtype 74ms (cache revalidated)
79 silly packumentCache full:https://registry.npmjs.org/domelementtype set size:33363 disposed:false
80 silly packumentCache full:https://registry.npmjs.org/domelementtype dispose
81 silly placeDep ROOT mdn-data@2.0.14 OK for: css-tree@1.1.3 want: 2.0.14
82 silly placeDep node_modules/css-tree source-map@0.6.1 OK for: css-tree@1.1.3 want: ^0.6.1
83 silly placeDep ROOT domelementtype@2.3.0 OK for: domhandler@5.0.3 want: ^2.3.0
84 silly placeDep ROOT dom-serializer@2.0.0 OK for: domutils@3.2.2 want: ^2.0.0
85 silly fetch manifest entities@^4.2.0
86 silly packumentCache full:https://registry.npmjs.org/entities cache-miss
87 http fetch GET 200 https://registry.npmjs.org/entities 56ms (cache revalidated)
88 silly packumentCache full:https://registry.npmjs.org/entities set size:101550 disposed:false
89 silly placeDep ROOT entities@4.5.0 OK for: dom-serializer@2.0.0 want: ^4.2.0
90 silly reify moves {}
91 silly audit bulk request {
91 silly audit   '@0no-co/graphql.web': [ '1.2.0' ],
91 silly audit   '@babel/code-frame': [ '7.29.0', '7.10.4' ],
91 silly audit   '@babel/compat-data': [ '7.29.0' ],
91 silly audit   '@babel/core': [ '7.29.0' ],
91 silly audit   '@babel/generator': [ '7.29.1' ],
91 silly audit   '@babel/helper-annotate-as-pure': [ '7.27.3' ],
91 silly audit   '@babel/helper-compilation-targets': [ '7.28.6' ],
91 silly audit   '@babel/helper-create-class-features-plugin': [ '7.28.6' ],
91 silly audit   '@babel/helper-create-regexp-features-plugin': [ '7.28.5' ],
91 silly audit   '@babel/helper-define-polyfill-provider': [ '0.6.8' ],
91 silly audit   '@babel/helper-globals': [ '7.28.0' ],
91 silly audit   '@babel/helper-member-expression-to-functions': [ '7.28.5' ],
91 silly audit   '@babel/helper-module-imports': [ '7.28.6' ],
91 silly audit   '@babel/helper-module-transforms': [ '7.28.6' ],
91 silly audit   '@babel/helper-optimise-call-expression': [ '7.27.1' ],
91 silly audit   '@babel/helper-plugin-utils': [ '7.28.6' ],
91 silly audit   '@babel/helper-remap-async-to-generator': [ '7.27.1' ],
91 silly audit   '@babel/helper-replace-supers': [ '7.28.6' ],
91 silly audit   '@babel/helper-skip-transparent-expression-wrappers': [ '7.27.1' ],
91 silly audit   '@babel/helper-string-parser': [ '7.27.1' ],
91 silly audit   '@babel/helper-validator-identifier': [ '7.28.5' ],
91 silly audit   '@babel/helper-validator-option': [ '7.27.1' ],
91 silly audit   '@babel/helper-wrap-function': [ '7.28.6' ],
91 silly audit   '@babel/helpers': [ '7.29.2' ],
91 silly audit   '@babel/highlight': [ '7.25.9' ],
91 silly audit   'ansi-styles': [ '3.2.1', '4.3.0', '5.2.0' ],
91 silly audit   chalk: [ '2.4.2', '4.1.2' ],
91 silly audit   'color-convert': [ '1.9.3', '2.0.1' ],
91 silly audit   'color-name': [ '1.1.3', '1.1.4' ],
91 silly audit   'escape-string-regexp': [ '1.0.5', '4.0.0', '2.0.0' ],
91 silly audit   'has-flag': [ '3.0.0', '4.0.0' ],
91 silly audit   'supports-color': [ '5.5.0', '8.1.1', '7.2.0' ],
91 silly audit   '@babel/parser': [ '7.29.2' ],
91 silly audit   '@babel/plugin-proposal-decorators': [ '7.29.0' ],
91 silly audit   '@babel/plugin-proposal-export-default-from': [ '7.27.1' ],
91 silly audit   '@babel/plugin-syntax-async-generators': [ '7.8.4' ],
91 silly audit   '@babel/plugin-syntax-bigint': [ '7.8.3' ],
91 silly audit   '@babel/plugin-syntax-class-properties': [ '7.12.13' ],
91 silly audit   '@babel/plugin-syntax-class-static-block': [ '7.14.5' ],
91 silly audit   '@babel/plugin-syntax-decorators': [ '7.28.6' ],
91 silly audit   '@babel/plugin-syntax-dynamic-import': [ '7.8.3' ],
91 silly audit   '@babel/plugin-syntax-export-default-from': [ '7.28.6' ],
91 silly audit   '@babel/plugin-syntax-flow': [ '7.28.6' ],
91 silly audit   '@babel/plugin-syntax-import-attributes': [ '7.28.6' ],
91 silly audit   '@babel/plugin-syntax-import-meta': [ '7.10.4' ],
91 silly audit   '@babel/plugin-syntax-json-strings': [ '7.8.3' ],
91 silly audit   '@babel/plugin-syntax-jsx': [ '7.28.6' ],
91 silly audit   '@babel/plugin-syntax-logical-assignment-operators': [ '7.10.4' ],
91 silly audit   '@babel/plugin-syntax-nullish-coalescing-operator': [ '7.8.3' ],
91 silly audit   '@babel/plugin-syntax-numeric-separator': [ '7.10.4' ],
91 silly audit   '@babel/plugin-syntax-object-rest-spread': [ '7.8.3' ],
91 silly audit   '@babel/plugin-syntax-optional-catch-binding': [ '7.8.3' ],
91 silly audit   '@babel/plugin-syntax-optional-chaining': [ '7.8.3' ],
91 silly audit   '@babel/plugin-syntax-private-property-in-object': [ '7.14.5' ],
91 silly audit   '@babel/plugin-syntax-top-level-await': [ '7.14.5' ],
91 silly audit   '@babel/plugin-syntax-typescript': [ '7.28.6' ],
91 silly audit   '@babel/plugin-transform-arrow-functions': [ '7.27.1' ],
91 silly audit   '@babel/plugin-transform-async-generator-functions': [ '7.29.0' ],
91 silly audit   '@babel/plugin-transform-async-to-generator': [ '7.28.6' ],
91 silly audit   '@babel/plugin-transform-block-scoping': [ '7.28.6' ],
91 silly audit   '@babel/plugin-transform-class-properties': [ '7.28.6' ],
91 silly audit   '@babel/plugin-transform-class-static-block': [ '7.28.6' ],
91 silly audit   '@babel/plugin-transform-classes': [ '7.28.6' ],
91 silly audit   '@babel/plugin-transform-computed-properties': [ '7.28.6' ],
91 silly audit   '@babel/plugin-transform-destructuring': [ '7.28.5' ],
91 silly audit   '@babel/plugin-transform-export-namespace-from': [ '7.27.1' ],
91 silly audit   '@babel/plugin-transform-flow-strip-types': [ '7.27.1' ],
91 silly audit   '@babel/plugin-transform-for-of': [ '7.27.1' ],
91 silly audit   '@babel/plugin-transform-function-name': [ '7.27.1' ],
91 silly audit   '@babel/plugin-transform-literals': [ '7.27.1' ],
91 silly audit   '@babel/plugin-transform-logical-assignment-operators': [ '7.28.6' ],
91 silly audit   '@babel/plugin-transform-modules-commonjs': [ '7.28.6' ],
91 silly audit   '@babel/plugin-transform-named-capturing-groups-regex': [ '7.29.0' ],
91 silly audit   '@babel/plugin-transform-nullish-coalescing-operator': [ '7.28.6' ],
91 silly audit   '@babel/plugin-transform-numeric-separator': [ '7.28.6' ],
91 silly audit   '@babel/plugin-transform-object-rest-spread': [ '7.28.6' ],
91 silly audit   '@babel/plugin-transform-optional-catch-binding': [ '7.28.6' ],
91 silly audit   '@babel/plugin-transform-optional-chaining': [ '7.28.6' ],
91 silly audit   '@babel/plugin-transform-parameters': [ '7.27.7' ],
91 silly audit   '@babel/plugin-transform-private-methods': [ '7.28.6' ],
91 silly audit   '@babel/plugin-transform-private-property-in-object': [ '7.28.6' ],
91 silly audit   '@babel/plugin-transform-react-display-name': [ '7.28.0' ],
91 silly audit   '@babel/plugin-transform-react-jsx': [ '7.28.6' ],
91 silly audit   '@babel/plugin-transform-react-jsx-development': [ '7.27.1' ],
91 silly audit   '@babel/plugin-transform-react-jsx-self': [ '7.27.1' ],
91 silly audit   '@babel/plugin-transform-react-jsx-source': [ '7.27.1' ],
91 silly audit   '@babel/plugin-transform-react-pure-annotations': [ '7.27.1' ],
91 silly audit   '@babel/plugin-transform-regenerator': [ '7.29.0' ],
91 silly audit   '@babel/plugin-transform-runtime': [ '7.29.0' ],
91 silly audit   '@babel/plugin-transform-shorthand-properties': [ '7.27.1' ],
91 silly audit   '@babel/plugin-transform-spread': [ '7.28.6' ],
91 silly audit   '@babel/plugin-transform-sticky-regex': [ '7.27.1' ],
91 silly audit   '@babel/plugin-transform-typescript': [ '7.28.6' ],
91 silly audit   '@babel/plugin-transform-unicode-regex': [ '7.27.1' ],
91 silly audit   '@babel/preset-react': [ '7.28.5' ],
91 silly audit   '@babel/preset-typescript': [ '7.28.5' ],
91 silly audit   '@babel/runtime': [ '7.29.2' ],
91 silly audit   '@babel/template': [ '7.28.6' ],
91 silly audit   '@babel/traverse': [ '7.29.0' ],
91 silly audit   '@babel/types': [ '7.29.0' ],
91 silly audit   '@expo/cli': [ '54.0.23' ],
91 silly audit   semver: [ '7.7.4', '6.3.1' ],
91 silly audit   '@expo/code-signing-certificates': [ '0.0.6' ],
91 silly audit   '@expo/config': [ '12.0.13' ],
91 silly audit   '@expo/config-plugins': [ '54.0.4' ],
91 silly audit   '@expo/config-types': [ '54.0.10' ],
91 silly audit   '@expo/devcert': [ '1.2.1' ],
91 silly audit   debug: [ '3.2.7', '2.6.9', '4.4.3' ],
91 silly audit   '@expo/devtools': [ '0.1.8' ],
91 silly audit   '@expo/env': [ '2.0.11' ],
91 silly audit   '@expo/fingerprint': [ '0.15.4' ],
91 silly audit   '@expo/image-utils': [ '0.8.13' ],
91 silly audit   '@expo/json-file': [ '10.0.13' ],
91 silly audit   '@expo/metro': [ '54.2.0' ],
91 silly audit   '@expo/metro-config': [ '54.0.14' ],
91 silly audit   'hermes-estree': [ '0.29.1', '0.32.0' ],
91 silly audit   'hermes-parser': [ '0.29.1', '0.32.0' ],
91 silly audit   '@expo/ngrok': [ '4.1.3' ],
91 silly audit   '@expo/ngrok-bin': [ '2.3.42' ],
91 silly audit   '@expo/ngrok-bin-darwin-arm64': [ '2.3.41' ],
91 silly audit   '@expo/ngrok-bin-darwin-x64': [ '2.3.41' ],
91 silly audit   '@expo/ngrok-bin-freebsd-ia32': [ '2.3.41' ],
91 silly audit   '@expo/ngrok-bin-freebsd-x64': [ '2.3.41' ],
91 silly audit   '@expo/ngrok-bin-linux-arm': [ '2.3.41' ],
91 silly audit   '@expo/ngrok-bin-linux-arm64': [ '2.3.41' ],
91 silly audit   '@expo/ngrok-bin-linux-ia32': [ '2.3.41' ],
91 silly audit   '@expo/ngrok-bin-linux-x64': [ '2.3.41' ],
91 silly audit   '@expo/ngrok-bin-sunos-x64': [ '2.3.41' ],
91 silly audit   '@expo/ngrok-bin-win32-ia32': [ '2.3.41' ],
91 silly audit   '@expo/ngrok-bin-win32-x64': [ '2.3.41' ],
91 silly audit   uuid: [ '3.4.0', '7.0.3' ],
91 silly audit   yaml: [ '1.10.3', '2.8.3' ],
91 silly audit   '@expo/osascript': [ '2.4.2' ],
91 silly audit   '@expo/package-manager': [ '1.10.4' ],
91 silly audit   '@expo/plist': [ '0.4.8' ],
91 silly audit   '@expo/prebuild-config': [ '54.0.8' ],
91 silly audit   '@expo/require-utils': [ '55.0.4' ],
91 silly audit   '@expo/schema-utils': [ '0.1.8' ],
91 silly audit   '@expo/sdk-runtime-versions': [ '1.0.0' ],
91 silly audit   '@expo/spawn-async': [ '1.7.2' ],
91 silly audit   '@expo/sudo-prompt': [ '9.3.2' ],
91 silly audit   '@expo/vector-icons': [ '15.1.1' ],
91 silly audit   '@expo/ws-tunnel': [ '1.0.6' ],
91 silly audit   '@expo/xcpretty': [ '4.4.3' ],
91 silly audit   '@isaacs/fs-minipass': [ '4.0.1' ],
91 silly audit   '@isaacs/ttlcache': [ '1.4.1' ],
91 silly audit   '@istanbuljs/load-nyc-config': [ '1.1.0' ],
91 silly audit   argparse: [ '1.0.10', '2.0.1' ],
91 silly audit   camelcase: [ '5.3.1', '6.3.0' ],
91 silly audit   'js-yaml': [ '3.14.2', '4.1.1' ],
91 silly audit   '@istanbuljs/schema': [ '0.1.6' ],
91 silly audit   '@jest/create-cache-key-function': [ '29.7.0' ],
91 silly audit   '@jest/environment': [ '29.7.0' ],
91 silly audit   '@jest/fake-timers': [ '29.7.0' ],
91 silly audit   '@jest/schemas': [ '29.6.3' ],
91 silly audit   '@jest/transform': [ '29.7.0' ],
91 silly audit   '@jest/types': [ '29.6.3' ],
91 silly audit   '@jridgewell/gen-mapping': [ '0.3.13' ],
91 silly audit   '@jridgewell/remapping': [ '2.3.5' ],
91 silly audit   '@jridgewell/resolve-uri': [ '3.1.2' ],
91 silly audit   '@jridgewell/source-map': [ '0.3.11' ],
91 silly audit   '@jridgewell/sourcemap-codec': [ '1.5.5' ],
91 silly audit   '@jridgewell/trace-mapping': [ '0.3.31' ],
91 silly audit   '@react-native-async-storage/async-storage': [ '1.24.0' ],
91 silly audit   '@react-native/assets-registry': [ '0.81.0' ],
91 silly audit   '@react-native/community-cli-plugin': [ '0.81.0' ],
91 silly audit   '@react-native/debugger-frontend': [ '0.81.0', '0.81.5' ],
91 silly audit   '@react-native/dev-middleware': [ '0.81.0', '0.81.5' ],
91 silly audit   ws: [ '6.2.3', '7.5.10', '8.20.0' ],
91 silly audit   '@react-native/gradle-plugin': [ '0.81.0' ],
91 silly audit   '@react-native/js-polyfills': [ '0.81.0' ],
91 silly audit   '@react-native/normalize-colors': [ '0.81.5', '0.81.0' ],
91 silly audit   '@react-native/virtualized-lists': [ '0.81.0' ],
91 silly audit   '@sinclair/typebox': [ '0.27.10' ],
91 silly audit   '@sindresorhus/is': [ '4.6.0' ],
91 silly audit   '@sinonjs/commons': [ '3.0.1' ],
91 silly audit   '@sinonjs/fake-timers': [ '10.3.0' ],
91 silly audit   '@szmarczak/http-timer': [ '4.0.6' ],
91 silly audit   '@types/babel__core': [ '7.20.5' ],
91 silly audit   '@types/babel__generator': [ '7.27.0' ],
91 silly audit   '@types/babel__template': [ '7.4.4' ],
91 silly audit   '@types/babel__traverse': [ '7.28.0' ],
91 silly audit   '@types/cacheable-request': [ '6.0.3' ],
91 silly audit   '@types/graceful-fs': [ '4.1.9' ],
91 silly audit   '@types/http-cache-semantics': [ '4.2.0' ],
91 silly audit   '@types/istanbul-lib-coverage': [ '2.0.6' ],
91 silly audit   '@types/istanbul-lib-report': [ '3.0.3' ],
91 silly audit   '@types/istanbul-reports': [ '3.0.4' ],
91 silly audit   '@types/keyv': [ '3.1.4' ],
91 silly audit   '@types/node': [ '25.6.0' ],
91 silly audit   '@types/responselike': [ '1.0.3' ],
91 silly audit   '@types/stack-utils': [ '2.0.3' ],
91 silly audit   '@types/yargs': [ '17.0.35' ],
91 silly audit   '@types/yargs-parser': [ '21.0.3' ],
91 silly audit   '@ungap/structured-clone': [ '1.3.0' ],
91 silly audit   '@urql/core': [ '5.2.0' ],
91 silly audit   '@urql/exchange-retry': [ '1.3.2' ],
91 silly audit   '@xmldom/xmldom': [ '0.8.12' ],
91 silly audit   'abort-controller': [ '3.0.0' ],
91 silly audit   accepts: [ '1.3.8' ],
91 silly audit   acorn: [ '8.16.0' ],
91 silly audit   'agent-base': [ '7.1.4' ],
91 silly audit   anser: [ '1.4.10' ],
91 silly audit   'ansi-escapes': [ '4.3.2' ],
91 silly audit   'type-fest': [ '0.21.3', '0.7.1' ],
91 silly audit   'ansi-regex': [ '5.0.1', '4.1.1' ],
91 silly audit   'any-promise': [ '1.3.0' ],
91 silly audit   anymatch: [ '3.1.3' ],
91 silly audit   picomatch: [ '2.3.2', '3.0.2', '4.0.4' ],
91 silly audit   arg: [ '5.0.2' ],
91 silly audit   asap: [ '2.0.6' ],
91 silly audit   'async-limiter': [ '1.0.1' ],
91 silly audit   'babel-jest': [ '29.7.0' ],
91 silly audit   'babel-plugin-istanbul': [ '6.1.1' ],
91 silly audit   'babel-plugin-jest-hoist': [ '29.6.3' ],
91 silly audit   'babel-plugin-polyfill-corejs2': [ '0.4.17' ],
91 silly audit   'babel-plugin-polyfill-corejs3': [ '0.13.0' ],
91 silly audit   'babel-plugin-polyfill-regenerator': [ '0.6.8' ],
91 silly audit   'babel-plugin-react-compiler': [ '1.0.0' ],
91 silly audit   'babel-plugin-react-native-web': [ '0.21.2' ],
91 silly audit   'babel-plugin-transform-flow-enums': [ '0.0.2' ],
91 silly audit   'babel-preset-current-node-syntax': [ '1.2.0' ],
91 silly audit   'babel-preset-expo': [ '54.0.10' ],
91 silly audit   '@react-native/babel-plugin-codegen': [ '0.81.5' ],
91 silly audit   '@react-native/babel-preset': [ '0.81.5' ],
91 silly audit   '@react-native/codegen': [ '0.81.5', '0.81.0' ],
91 silly audit   'babel-plugin-syntax-hermes-parser': [ '0.29.1' ],
91 silly audit   'brace-expansion': [ '1.1.14', '2.1.0', '5.0.5' ],
91 silly audit   glob: [ '7.2.3', '13.0.6' ],
91 silly audit   minimatch: [ '3.1.5', '10.2.5', '9.0.9' ],
91 silly audit   'babel-preset-jest': [ '29.6.3' ],
91 silly audit   'balanced-match': [ '1.0.2', '4.0.4' ],
91 silly audit   'base64-js': [ '1.5.1' ],
91 silly audit   'baseline-browser-mapping': [ '2.10.19' ],
91 silly audit   'better-opn': [ '3.0.2' ],
91 silly audit   open: [ '8.4.2', '7.4.2' ],
91 silly audit   'big-integer': [ '1.6.52' ],
91 silly audit   'bplist-creator': [ '0.1.0' ],
91 silly audit   'bplist-parser': [ '0.3.2', '0.3.1' ],
91 silly audit   braces: [ '3.0.3' ],
91 silly audit   browserslist: [ '4.28.2' ],
91 silly audit   bser: [ '2.1.1' ],
91 silly audit   buffer: [ '5.7.1' ],
91 silly audit   'buffer-from': [ '1.1.2' ],
91 silly audit   bytes: [ '3.1.2' ],
91 silly audit   'cacheable-lookup': [ '5.0.4' ],
91 silly audit   'cacheable-request': [ '7.0.4' ],
91 silly audit   'get-stream': [ '5.2.0' ],
91 silly audit   'caniuse-lite': [ '1.0.30001788' ],
91 silly audit   chownr: [ '3.0.0' ],
91 silly audit   'chrome-launcher': [ '0.15.2' ],
91 silly audit   'chromium-edge-launcher': [ '0.2.0' ],
91 silly audit   'ci-info': [ '3.9.0', '2.0.0' ],
91 silly audit   'cli-cursor': [ '2.1.0' ],
91 silly audit   'cli-spinners': [ '2.9.2' ],
91 silly audit   cliui: [ '8.0.1' ],
91 silly audit   'strip-ansi': [ '6.0.1', '5.2.0' ],
91 silly audit   clone: [ '1.0.4' ],
91 silly audit   'clone-response': [ '1.0.3' ],
91 silly audit   commander: [ '7.2.0', '12.1.0', '4.1.1', '2.20.3' ],
91 silly audit   compressible: [ '2.0.18' ],
91 silly audit   compression: [ '1.8.1' ],
91 silly audit   ms: [ '2.0.0', '2.1.3' ],
91 silly audit   negotiator: [ '0.6.4', '0.6.3' ],
91 silly audit   'concat-map': [ '0.0.1' ],
91 silly audit   connect: [ '3.7.0' ],
91 silly audit   'convert-source-map': [ '2.0.0' ],
91 silly audit   'core-js-compat': [ '3.49.0' ],
91 silly audit   'cross-spawn': [ '7.0.6' ],
91 silly audit   'decompress-response': [ '6.0.0' ],
91 silly audit   'mimic-response': [ '3.1.0', '1.0.1' ],
91 silly audit   'deep-extend': [ '0.6.0' ],
91 silly audit   deepmerge: [ '4.3.1' ],
91 silly audit   defaults: [ '1.0.4' ],
91 silly audit   'defer-to-connect': [ '2.0.1' ],
91 silly audit   'define-lazy-prop': [ '2.0.0' ],
91 silly audit   depd: [ '2.0.0' ],
91 silly audit   destroy: [ '1.2.0' ],
91 silly audit   'detect-libc': [ '2.1.2' ],
91 silly audit   dotenv: [ '16.4.7' ],
91 silly audit   'dotenv-expand': [ '11.0.7' ],
91 silly audit   'ee-first': [ '1.1.1' ],
91 silly audit   'electron-to-chromium': [ '1.5.336' ],
91 silly audit   'emoji-regex': [ '8.0.0' ],
91 silly audit   encodeurl: [ '1.0.2', '2.0.0' ],
91 silly audit   'end-of-stream': [ '1.4.5' ],
91 silly audit   'env-editor': [ '0.4.2' ],
91 silly audit   'error-stack-parser': [ '2.1.4' ],
91 silly audit   'es-errors': [ '1.3.0' ],
91 silly audit   escalade: [ '3.2.0' ],
91 silly audit   'escape-html': [ '1.0.3' ],
91 silly audit   esprima: [ '4.0.1' ],
91 silly audit   etag: [ '1.8.1' ],
91 silly audit   'event-target-shim': [ '5.0.1' ],
91 silly audit   expo: [ '54.0.33' ],
91 silly audit   'expo-asset': [ '12.0.12' ],
91 silly audit   'expo-constants': [ '18.0.13' ],
91 silly audit   'expo-file-system': [ '19.0.21' ],
91 silly audit   'expo-font': [ '14.0.11' ],
91 silly audit   'expo-keep-awake': [ '15.0.8' ],
91 silly audit   'expo-modules-autolinking': [ '3.0.24' ],
91 silly audit   'expo-modules-core': [ '3.0.29' ],
91 silly audit   'expo-server': [ '1.0.5' ],
91 silly audit   'expo-status-bar': [ '2.1.0' ],
91 silly audit   'exponential-backoff': [ '3.1.3' ],
91 silly audit   'fast-json-stable-stringify': [ '2.1.0' ],
91 silly audit   'fb-watchman': [ '2.0.2' ],
91 silly audit   fdir: [ '6.5.0' ],
91 silly audit   'fill-range': [ '7.1.1' ],
91 silly audit   finalhandler: [ '1.1.2' ],
91 silly audit   'find-up': [ '4.1.0' ],
91 silly audit   'flow-enums-runtime': [ '0.0.6' ],
91 silly audit   fontfaceobserver: [ '2.3.0' ],
91 silly audit   'freeport-async': [ '2.0.0' ],
91 silly audit   fresh: [ '0.5.2' ],
91 silly audit   'fs.realpath': [ '1.0.0' ],
91 silly audit   fsevents: [ '2.3.3' ],
91 silly audit   'function-bind': [ '1.1.2' ],
91 silly audit   gensync: [ '1.0.0-beta.2' ],
91 silly audit   'get-caller-file': [ '2.0.5' ],
91 silly audit   'get-package-type': [ '0.1.0' ],
91 silly audit   getenv: [ '2.0.0' ],
91 silly audit   got: [ '11.8.6' ],
91 silly audit   'graceful-fs': [ '4.2.11' ],
91 silly audit   hasown: [ '2.0.2' ],
91 silly audit   'hosted-git-info': [ '7.0.2' ],
91 silly audit   'lru-cache': [ '10.4.3', '5.1.1', '11.3.5' ],
91 silly audit   'http-cache-semantics': [ '4.2.0' ],
91 silly audit   'http-errors': [ '2.0.1' ],
91 silly audit   statuses: [ '2.0.2', '1.5.0' ],
91 silly audit   'http2-wrapper': [ '1.0.3' ],
91 silly audit   'https-proxy-agent': [ '7.0.6' ],
91 silly audit   ieee754: [ '1.2.1' ],
91 silly audit   ignore: [ '5.3.2' ],
91 silly audit   'image-size': [ '1.2.1' ],
91 silly audit   imurmurhash: [ '0.1.4' ],
91 silly audit   inflight: [ '1.0.6' ],
91 silly audit   inherits: [ '2.0.4' ],
91 silly audit   ini: [ '1.3.8' ],
91 silly audit   invariant: [ '2.2.4' ],
91 silly audit   'is-core-module': [ '2.16.1' ],
91 silly audit   'is-docker': [ '2.2.1' ],
91 silly audit   'is-number': [ '7.0.0' ],
91 silly audit   'is-plain-obj': [ '2.1.0' ],
91 silly audit   'is-wsl': [ '2.2.0' ],
91 silly audit   isexe: [ '2.0.0' ],
91 silly audit   'istanbul-lib-coverage': [ '3.2.2' ],
91 silly audit   'istanbul-lib-instrument': [ '5.2.1' ],
91 silly audit   'jest-environment-node': [ '29.7.0' ],
91 silly audit   'jest-get-type': [ '29.6.3' ],
91 silly audit   'jest-haste-map': [ '29.7.0' ],
91 silly audit   'jest-message-util': [ '29.7.0' ],
91 silly audit   'jest-mock': [ '29.7.0' ],
91 silly audit   'jest-regex-util': [ '29.6.3' ],
91 silly audit   'jest-util': [ '29.7.0' ],
91 silly audit   'jest-validate': [ '29.7.0' ],
91 silly audit   'jest-worker': [ '29.7.0' ],
91 silly audit   'jimp-compact': [ '0.16.1' ],
91 silly audit   'js-tokens': [ '4.0.0' ],
91 silly audit   'jsc-safe-url': [ '0.2.4' ],
91 silly audit   jsesc: [ '3.1.0' ],
91 silly audit   'json-buffer': [ '3.0.1' ],
91 silly audit   json5: [ '2.2.3' ],
91 silly audit   keyv: [ '4.5.4' ],
91 silly audit   kleur: [ '3.0.3' ],
91 silly audit   'lan-network': [ '0.1.7' ],
91 silly audit   leven: [ '3.1.0' ],
91 silly audit   'lighthouse-logger': [ '1.4.2' ],
91 silly audit   lightningcss: [ '1.32.0' ],
91 silly audit   'lightningcss-android-arm64': [ '1.32.0' ],
91 silly audit   'lightningcss-darwin-arm64': [ '1.32.0' ],
91 silly audit   'lightningcss-darwin-x64': [ '1.32.0' ],
91 silly audit   'lightningcss-freebsd-x64': [ '1.32.0' ],
91 silly audit   'lightningcss-linux-arm-gnueabihf': [ '1.32.0' ],
91 silly audit   'lightningcss-linux-arm64-gnu': [ '1.32.0' ],
91 silly audit   'lightningcss-linux-arm64-musl': [ '1.32.0' ],
91 silly audit   'lightningcss-linux-x64-gnu': [ '1.32.0' ],
91 silly audit   'lightningcss-linux-x64-musl': [ '1.32.0' ],
91 silly audit   'lightningcss-win32-arm64-msvc': [ '1.32.0' ],
91 silly audit   'lightningcss-win32-x64-msvc': [ '1.32.0' ],
91 silly audit   'lines-and-columns': [ '1.2.4' ],
91 silly audit   'locate-path': [ '5.0.0' ],
91 silly audit   'lodash.debounce': [ '4.0.8' ],
91 silly audit   'lodash.throttle': [ '4.1.1' ],
91 silly audit   'log-symbols': [ '2.2.0' ],
91 silly audit   'loose-envify': [ '1.4.0' ],
91 silly audit   'lowercase-keys': [ '2.0.0' ],
91 silly audit   'lucide-react-native': [ '0.479.0' ],
91 silly audit   makeerror: [ '1.0.12' ],
91 silly audit   marky: [ '1.3.0' ],
91 silly audit   'memoize-one': [ '5.2.1' ],
91 silly audit   'merge-options': [ '3.0.4' ],
91 silly audit   'merge-stream': [ '2.0.0' ],
91 silly audit   metro: [ '0.83.3' ],
91 silly audit   'metro-babel-transformer': [ '0.83.3' ],
91 silly audit   'metro-cache': [ '0.83.3' ],
91 silly audit   'metro-cache-key': [ '0.83.3' ],
91 silly audit   'metro-config': [ '0.83.3' ],
91 silly audit   'metro-core': [ '0.83.3' ],
91 silly audit   'metro-file-map': [ '0.83.3' ],
91 silly audit   'metro-minify-terser': [ '0.83.3' ],
91 silly audit   'metro-resolver': [ '0.83.3' ],
91 silly audit   'metro-runtime': [ '0.83.3' ],
91 silly audit   'metro-source-map': [ '0.83.3' ],
91 silly audit   'metro-symbolicate': [ '0.83.3' ],
91 silly audit   'metro-transform-plugins': [ '0.83.3' ],
91 silly audit   'metro-transform-worker': [ '0.83.3' ],
91 silly audit   micromatch: [ '4.0.8' ],
91 silly audit   mime: [ '1.6.0' ],
91 silly audit   'mime-db': [ '1.54.0', '1.52.0' ],
91 silly audit   'mime-types': [ '2.1.35' ],
91 silly audit   'mimic-fn': [ '1.2.0' ],
91 silly audit   minimist: [ '1.2.8' ],
91 silly audit   minipass: [ '7.1.3' ],
91 silly audit   minizlib: [ '3.1.0' ],
91 silly audit   mkdirp: [ '1.0.4' ],
91 silly audit   mz: [ '2.7.0' ],
91 silly audit   nanoid: [ '3.3.11' ],
91 silly audit   'nested-error-stacks': [ '2.0.1' ],
91 silly audit   'node-forge': [ '1.4.0' ],
91 silly audit   'node-int64': [ '0.4.0' ],
91 silly audit   'node-releases': [ '2.0.37' ],
91 silly audit   'normalize-path': [ '3.0.0' ],
91 silly audit   'normalize-url': [ '6.1.0' ],
91 silly audit   'npm-package-arg': [ '11.0.3' ],
91 silly audit   nullthrows: [ '1.1.1' ],
91 silly audit   ob1: [ '0.83.3' ],
91 silly audit   'object-assign': [ '4.1.1' ],
91 silly audit   'on-finished': [ '2.3.0', '2.4.1' ],
91 silly audit   'on-headers': [ '1.1.0' ],
91 silly audit   once: [ '1.4.0' ],
91 silly audit   onetime: [ '2.0.1' ],
91 silly audit   ora: [ '3.4.0' ],
91 silly audit   'p-cancelable': [ '2.1.1' ],
91 silly audit   'p-limit': [ '3.1.0', '2.3.0' ],
91 silly audit   'p-locate': [ '4.1.0' ],
91 silly audit   'p-try': [ '2.2.0' ],
91 silly audit   'parse-png': [ '2.1.0' ],
91 silly audit   parseurl: [ '1.3.3' ],
91 silly audit   'path-exists': [ '4.0.0' ],
91 silly audit   'path-is-absolute': [ '1.0.1' ],
91 silly audit   'path-key': [ '3.1.1' ],
91 silly audit   'path-parse': [ '1.0.7' ],
91 silly audit   'path-scurry': [ '2.0.2' ],
91 silly audit   picocolors: [ '1.1.1' ],
91 silly audit   pirates: [ '4.0.7' ],
91 silly audit   plist: [ '3.1.0' ],
91 silly audit   pngjs: [ '3.4.0' ],
91 silly audit   postcss: [ '8.4.49' ],
91 silly audit   'pretty-bytes': [ '5.6.0' ],
91 silly audit   'pretty-format': [ '29.7.0' ],
91 silly audit   'proc-log': [ '4.2.0' ],
91 silly audit   progress: [ '2.0.3' ],
91 silly audit   prompts: [ '2.4.2' ],
91 silly audit   pump: [ '3.0.4' ],
91 silly audit   punycode: [ '2.3.1' ],
91 silly audit   'qrcode-terminal': [ '0.11.0' ],
91 silly audit   queue: [ '6.0.2' ],
91 silly audit   'quick-lru': [ '5.1.1' ],
91 silly audit   'range-parser': [ '1.2.1' ],
91 silly audit   rc: [ '1.2.8' ],
91 silly audit   react: [ '19.1.0' ],
91 silly audit   'react-devtools-core': [ '6.1.5' ],
91 silly audit   'react-is': [ '18.3.1' ],
91 silly audit   'react-native': [ '0.81.0' ],
91 silly audit   'react-native-is-edge-to-edge': [ '1.3.1' ],
91 silly audit   'react-native-safe-area-context': [ '5.2.0' ],
91 silly audit   promise: [ '8.3.0' ],
91 silly audit   'react-refresh': [ '0.14.2' ],
91 silly audit   regenerate: [ '1.4.2' ],
91 silly audit   'regenerate-unicode-properties': [ '10.2.2' ],
91 silly audit   'regenerator-runtime': [ '0.13.11' ],
91 silly audit   'regexpu-core': [ '6.4.0' ],
91 silly audit   regjsgen: [ '0.8.0' ],
91 silly audit   regjsparser: [ '0.13.1' ],
91 silly audit   'require-directory': [ '2.1.1' ],
91 silly audit   'require-from-string': [ '2.0.2' ],
91 silly audit   requireg: [ '0.2.2' ],
91 silly audit   resolve: [ '1.7.1', '1.22.12' ],
91 silly audit   'resolve-alpn': [ '1.2.1' ],
91 silly audit   'resolve-from': [ '5.0.0' ],
91 silly audit   'resolve-workspace-root': [ '2.0.1' ],
91 silly audit   'resolve.exports': [ '2.0.3' ],
91 silly audit   responselike: [ '2.0.1' ],
91 silly audit   'restore-cursor': [ '2.0.0' ],
91 silly audit   rimraf: [ '3.0.2' ],
91 silly audit   'safe-buffer': [ '5.2.1' ],
91 silly audit   sax: [ '1.6.0' ],
91 silly audit   scheduler: [ '0.26.0' ],
91 silly audit   send: [ '0.19.2' ],
91 silly audit   'serialize-error': [ '2.1.0' ],
91 silly audit   'serve-static': [ '1.16.3' ],
91 silly audit   setprototypeof: [ '1.2.0' ],
91 silly audit   'shebang-command': [ '2.0.0' ],
91 silly audit   'shebang-regex': [ '3.0.0' ],
91 silly audit   'shell-quote': [ '1.8.3' ],
91 silly audit   'signal-exit': [ '3.0.7' ],
91 silly audit   'simple-plist': [ '1.3.1' ],
91 silly audit   sisteransi: [ '1.0.5' ],
91 silly audit   slash: [ '3.0.0' ],
91 silly audit   slugify: [ '1.6.9' ],
91 silly audit   'source-map': [ '0.5.7', '0.6.1' ],
91 silly audit   'source-map-js': [ '1.2.1' ],
91 silly audit   'source-map-support': [ '0.5.21' ],
91 silly audit   'sprintf-js': [ '1.0.3' ],
91 silly audit   'stack-utils': [ '2.0.6' ],
91 silly audit   stackframe: [ '1.3.4' ],
91 silly audit   'stacktrace-parser': [ '0.1.11' ],
91 silly audit   'stream-buffers': [ '2.2.0' ],
91 silly audit   'string-width': [ '4.2.3' ],
91 silly audit   'is-fullwidth-code-point': [ '3.0.0' ],
91 silly audit   'strip-json-comments': [ '2.0.1' ],
91 silly audit   'structured-headers': [ '0.4.1' ],
91 silly audit   sucrase: [ '3.35.1' ],
91 silly audit   'supports-hyperlinks': [ '2.3.0' ],
91 silly audit   'supports-preserve-symlinks-flag': [ '1.0.0' ],
91 silly audit   tar: [ '7.5.13' ],
91 silly audit   yallist: [ '5.0.0', '3.1.1' ],
91 silly audit   'terminal-link': [ '2.1.1' ],
91 silly audit   terser: [ '5.46.1' ],
91 silly audit   'test-exclude': [ '6.0.0' ],
91 silly audit   thenify: [ '3.3.1' ],
91 silly audit   'thenify-all': [ '1.6.0' ],
91 silly audit   throat: [ '5.0.0' ],
91 silly audit   tinyglobby: [ '0.2.16' ],
91 silly audit   tmpl: [ '1.0.5' ],
91 silly audit   'to-regex-range': [ '5.0.1' ],
91 silly audit   toidentifier: [ '1.0.1' ],
91 silly audit   'ts-interface-checker': [ '0.1.13' ],
91 silly audit   'type-detect': [ '4.0.8' ],
91 silly audit   undici: [ '6.25.0' ],
91 silly audit   'undici-types': [ '7.19.2' ],
91 silly audit   'unicode-canonical-property-names-ecmascript': [ '2.0.1' ],
91 silly audit   'unicode-match-property-ecmascript': [ '2.0.0' ],
91 silly audit   'unicode-match-property-value-ecmascript': [ '2.2.1' ],
91 silly audit   'unicode-property-aliases-ecmascript': [ '2.2.0' ],
91 silly audit   unpipe: [ '1.0.0' ],
91 silly audit   'update-browserslist-db': [ '1.2.3' ],
91 silly audit   'utils-merge': [ '1.0.1' ],
91 silly audit   'validate-npm-package-name': [ '5.0.1' ],
91 silly audit   vary: [ '1.1.2' ],
91 silly audit   vlq: [ '1.0.1' ],
91 silly audit   walker: [ '1.0.8' ],
91 silly audit   wcwidth: [ '1.0.1' ],
91 silly audit   'whatwg-fetch': [ '3.6.20' ],
91 silly audit   'whatwg-url-without-unicode': [ '8.0.0-3' ],
91 silly audit   'webidl-conversions': [ '5.0.0' ],
91 silly audit   which: [ '2.0.2' ],
91 silly audit   wonka: [ '6.3.6' ],
91 silly audit   'wrap-ansi': [ '7.0.0' ],
91 silly audit   wrappy: [ '1.0.2' ],
91 silly audit   'write-file-atomic': [ '4.0.2' ],
91 silly audit   xcode: [ '3.0.1' ],
91 silly audit   xml2js: [ '0.6.0' ],
91 silly audit   xmlbuilder: [ '11.0.1', '15.1.1' ],
91 silly audit   y18n: [ '5.0.8' ],
91 silly audit   yargs: [ '17.7.2' ],
91 silly audit   'yargs-parser': [ '21.1.1' ],
91 silly audit   'yocto-queue': [ '0.1.0' ],
91 silly audit   'react-native-svg': [ '15.12.1' ],
91 silly audit   'css-select': [ '5.2.2' ],
91 silly audit   'css-tree': [ '1.1.3' ],
91 silly audit   'warn-once': [ '0.1.1' ],
91 silly audit   boolbase: [ '1.0.0' ],
91 silly audit   'css-what': [ '6.2.2' ],
91 silly audit   domhandler: [ '5.0.3' ],
91 silly audit   domutils: [ '3.2.2' ],
91 silly audit   'nth-check': [ '2.1.1' ],
91 silly audit   'mdn-data': [ '2.0.14' ],
91 silly audit   domelementtype: [ '2.3.0' ],
91 silly audit   'dom-serializer': [ '2.0.0' ],
91 silly audit   entities: [ '4.5.0' ]
91 silly audit }
92 http cache entities@https://registry.npmjs.org/entities/-/entities-4.5.0.tgz 0ms (cache hit)
93 http cache domelementtype@https://registry.npmjs.org/domelementtype/-/domelementtype-2.3.0.tgz 0ms (cache hit)
94 http cache dom-serializer@https://registry.npmjs.org/dom-serializer/-/dom-serializer-2.0.0.tgz 0ms (cache hit)
95 http cache mdn-data@https://registry.npmjs.org/mdn-data/-/mdn-data-2.0.14.tgz 0ms (cache hit)
96 http cache nth-check@https://registry.npmjs.org/nth-check/-/nth-check-2.1.1.tgz 0ms (cache hit)
97 http cache domutils@https://registry.npmjs.org/domutils/-/domutils-3.2.2.tgz 0ms (cache hit)
98 http cache domhandler@https://registry.npmjs.org/domhandler/-/domhandler-5.0.3.tgz 0ms (cache hit)
99 http cache css-what@https://registry.npmjs.org/css-what/-/css-what-6.2.2.tgz 0ms (cache hit)
100 http cache boolbase@https://registry.npmjs.org/boolbase/-/boolbase-1.0.0.tgz 0ms (cache hit)
101 http cache warn-once@https://registry.npmjs.org/warn-once/-/warn-once-0.1.1.tgz 0ms (cache hit)
102 http cache css-tree@https://registry.npmjs.org/css-tree/-/css-tree-1.1.3.tgz 0ms (cache hit)
103 http cache css-select@https://registry.npmjs.org/css-select/-/css-select-5.2.2.tgz 0ms (cache hit)
104 http cache react-native-svg@https://registry.npmjs.org/react-native-svg/-/react-native-svg-15.12.1.tgz 0ms (cache hit)
105 http cache source-map@https://registry.npmjs.org/source-map/-/source-map-0.6.1.tgz 0ms (cache hit)
106 silly tarball no local data for react-native-svg@https://registry.npmjs.org/react-native-svg/-/react-native-svg-15.12.1.tgz. Extracting by manifest.
107 http fetch POST 200 https://registry.npmjs.org/-/npm/v1/security/advisories/bulk 168ms
108 silly audit report {}
109 http fetch GET 200 https://registry.npmjs.org/react-native-svg/-/react-native-svg-15.12.1.tgz 2482ms (cache miss)
110 silly ADD node_modules/entities
111 silly ADD node_modules/dom-serializer
112 silly ADD node_modules/domelementtype
113 silly ADD node_modules/mdn-data
114 silly ADD node_modules/nth-check
115 silly ADD node_modules/domutils
116 silly ADD node_modules/domhandler
117 silly ADD node_modules/css-what
118 silly ADD node_modules/boolbase
119 silly ADD node_modules/warn-once
120 silly ADD node_modules/css-tree
121 silly ADD node_modules/css-tree/node_modules/source-map
122 silly ADD node_modules/css-select
123 silly ADD node_modules/react-native-svg
124 verbose cwd /Users/andrewmarkschaffer/App Development/mtg-goldfish-app
125 verbose os Darwin 23.6.0
126 verbose node v24.14.1
127 verbose npm  v11.11.0
128 verbose exit 0
129 info ok
