0 verbose cli /usr/local/bin/node /usr/local/bin/npm
1 info using npm@11.11.0
2 info using node@v24.14.1
3 silly config load:file:/usr/local/lib/node_modules/npm/npmrc
4 silly config load:file:/Users/andrewmarkschaffer/App Development/magic-the-practicing-app/.npmrc
5 silly config load:file:/Users/andrewmarkschaffer/.npmrc
6 silly config load:file:/usr/local/etc/npmrc
7 verbose title npm install react-native-web react-dom @expo/metro-runtime @supabase/supabase-js
8 verbose argv "install" "--cache" "./.npm-cache" "--legacy-peer-deps" "react-native-web" "react-dom" "@expo/metro-runtime" "@supabase/supabase-js"
9 verbose logfile logs-max:10 dir:/Users/andrewmarkschaffer/App Development/magic-the-practicing-app/.npm-cache/_logs/2026-04-17T13_09_44_596Z-
10 verbose logfile /Users/andrewmarkschaffer/App Development/magic-the-practicing-app/.npm-cache/_logs/2026-04-17T13_09_44_596Z-debug-0.log
11 silly logfile start cleaning logs, removing 1 files
12 silly packumentCache heap:2348810240 maxSize:587202560 maxEntrySize:293601280
13 silly logfile done cleaning log files
14 silly idealTree buildDeps
15 silly fetch manifest react-native-web@*
16 silly packumentCache full:https://registry.npmjs.org/react-native-web cache-miss
17 http cache https://registry.npmjs.org/react-native-web 231ms (cache hit)
18 silly packumentCache full:https://registry.npmjs.org/react-native-web set size:1090363 disposed:false
19 silly fetch manifest react-dom@*
20 silly packumentCache full:https://registry.npmjs.org/react-dom cache-miss
21 http cache https://registry.npmjs.org/react-dom 40ms (cache hit)
22 silly packumentCache full:https://registry.npmjs.org/react-dom set size:8798957 disposed:false
23 silly fetch manifest @expo/metro-runtime@*
24 silly packumentCache full:https://registry.npmjs.org/@expo%2fmetro-runtime cache-miss
25 http fetch GET 200 https://registry.npmjs.org/@expo%2fmetro-runtime 270ms (cache updated)
26 silly packumentCache full:https://registry.npmjs.org/@expo%2fmetro-runtime set size:undefined disposed:false
27 silly fetch manifest @supabase/supabase-js@*
28 silly packumentCache full:https://registry.npmjs.org/@supabase%2fsupabase-js cache-miss
29 http fetch GET 200 https://registry.npmjs.org/@supabase%2fsupabase-js 197ms (cache miss)
30 silly packumentCache full:https://registry.npmjs.org/@supabase%2fsupabase-js set size:undefined disposed:false
31 silly placeDep ROOT @expo/metro-runtime@55.0.9 OK for: magic-the-practicing-app@1.0.0 want: *
32 silly placeDep ROOT @supabase/supabase-js@2.103.3 OK for: magic-the-practicing-app@1.0.0 want: *
33 silly placeDep ROOT react-dom@19.2.5 OK for: magic-the-practicing-app@1.0.0 want: *
34 silly placeDep ROOT react-native-web@0.21.2 OK for: magic-the-practicing-app@1.0.0 want: *
35 silly fetch manifest @expo/log-box@55.0.10
36 silly packumentCache full:https://registry.npmjs.org/@expo%2flog-box cache-miss
37 silly fetch manifest @supabase/auth-js@2.103.3
38 silly packumentCache full:https://registry.npmjs.org/@supabase%2fauth-js cache-miss
39 silly fetch manifest @supabase/storage-js@2.103.3
40 silly packumentCache full:https://registry.npmjs.org/@supabase%2fstorage-js cache-miss
41 http fetch GET 200 https://registry.npmjs.org/@expo%2flog-box 96ms (cache miss)
42 silly packumentCache full:https://registry.npmjs.org/@expo%2flog-box set size:undefined disposed:false
43 silly fetch manifest @supabase/realtime-js@2.103.3
44 silly packumentCache full:https://registry.npmjs.org/@supabase%2frealtime-js cache-miss
45 http fetch GET 200 https://registry.npmjs.org/@supabase%2fauth-js 215ms (cache miss)
46 silly packumentCache full:https://registry.npmjs.org/@supabase%2fauth-js set size:undefined disposed:false
47 silly fetch manifest @supabase/functions-js@2.103.3
48 silly packumentCache full:https://registry.npmjs.org/@supabase%2ffunctions-js cache-miss
49 http fetch GET 200 https://registry.npmjs.org/@supabase%2frealtime-js 161ms (cache miss)
50 silly packumentCache full:https://registry.npmjs.org/@supabase%2frealtime-js set size:undefined disposed:false
51 silly fetch manifest @supabase/postgrest-js@2.103.3
52 silly packumentCache full:https://registry.npmjs.org/@supabase%2fpostgrest-js cache-miss
53 http fetch GET 200 https://registry.npmjs.org/@supabase%2ffunctions-js 178ms (cache miss)
54 silly packumentCache full:https://registry.npmjs.org/@supabase%2ffunctions-js set size:undefined disposed:false
55 silly fetch manifest scheduler@^0.27.0
56 silly packumentCache full:https://registry.npmjs.org/scheduler cache-miss
57 http fetch GET 200 https://registry.npmjs.org/@supabase%2fpostgrest-js 191ms (cache miss)
58 silly packumentCache full:https://registry.npmjs.org/@supabase%2fpostgrest-js set size:undefined disposed:false
59 silly fetch manifest @react-native/normalize-colors@^0.74.1
60 silly packumentCache full:https://registry.npmjs.org/@react-native%2fnormalize-colors cache-miss
61 http fetch GET 200 https://registry.npmjs.org/@supabase%2fstorage-js 515ms (cache miss)
62 silly packumentCache full:https://registry.npmjs.org/@supabase%2fstorage-js set size:undefined disposed:false
63 silly fetch manifest fbjs@^3.0.4
64 silly packumentCache full:https://registry.npmjs.org/fbjs cache-miss
65 http fetch GET 200 https://registry.npmjs.org/fbjs 100ms (cache revalidated)
66 silly packumentCache full:https://registry.npmjs.org/fbjs set size:175593 disposed:false
67 silly fetch manifest inline-style-prefixer@^7.0.1
68 silly packumentCache full:https://registry.npmjs.org/inline-style-prefixer cache-miss
69 http fetch GET 200 https://registry.npmjs.org/@react-native%2fnormalize-colors 158ms (cache updated)
70 silly packumentCache full:https://registry.npmjs.org/@react-native%2fnormalize-colors set size:undefined disposed:false
71 silly fetch manifest memoize-one@^6.0.0
72 silly packumentCache full:https://registry.npmjs.org/memoize-one cache-miss
73 http fetch GET 200 https://registry.npmjs.org/inline-style-prefixer 66ms (cache miss)
74 silly packumentCache full:https://registry.npmjs.org/inline-style-prefixer set size:undefined disposed:false
75 silly fetch manifest postcss-value-parser@^4.2.0
76 silly packumentCache full:https://registry.npmjs.org/postcss-value-parser cache-miss
77 http fetch GET 200 https://registry.npmjs.org/scheduler 297ms (cache updated)
78 silly packumentCache full:https://registry.npmjs.org/scheduler set size:undefined disposed:false
79 silly fetch manifest styleq@^0.1.3
80 silly packumentCache full:https://registry.npmjs.org/styleq cache-miss
81 http fetch GET 200 https://registry.npmjs.org/memoize-one 95ms (cache revalidated)
82 silly packumentCache full:https://registry.npmjs.org/memoize-one set size:217155 disposed:false
83 http fetch GET 200 https://registry.npmjs.org/postcss-value-parser 86ms (cache miss)
84 silly packumentCache full:https://registry.npmjs.org/postcss-value-parser set size:undefined disposed:false
85 http fetch GET 200 https://registry.npmjs.org/styleq 74ms (cache miss)
86 silly packumentCache full:https://registry.npmjs.org/styleq set size:undefined disposed:false
87 silly placeDep ROOT @expo/log-box@55.0.10 OK for: @expo/metro-runtime@55.0.9 want: 55.0.10
88 silly fetch manifest @expo/dom-webview@^55.0.5
89 silly packumentCache full:https://registry.npmjs.org/@expo%2fdom-webview cache-miss
90 http fetch GET 200 https://registry.npmjs.org/@expo%2fdom-webview 175ms (cache updated)
91 silly packumentCache full:https://registry.npmjs.org/@expo%2fdom-webview set size:undefined disposed:false
92 silly placeDep ROOT @expo/dom-webview@55.0.5 OK for: @expo/log-box@55.0.10 want: ^55.0.5
93 silly placeDep ROOT @supabase/auth-js@2.103.3 OK for: @supabase/supabase-js@2.103.3 want: 2.103.3
94 silly placeDep ROOT @supabase/functions-js@2.103.3 OK for: @supabase/supabase-js@2.103.3 want: 2.103.3
95 silly placeDep ROOT @supabase/postgrest-js@2.103.3 OK for: @supabase/supabase-js@2.103.3 want: 2.103.3
96 silly placeDep ROOT @supabase/realtime-js@2.103.3 OK for: @supabase/supabase-js@2.103.3 want: 2.103.3
97 silly placeDep ROOT @supabase/storage-js@2.103.3 OK for: @supabase/supabase-js@2.103.3 want: 2.103.3
98 silly fetch manifest tslib@2.8.1
99 silly packumentCache full:https://registry.npmjs.org/tslib cache-miss
100 silly fetch manifest tslib@2.8.1
101 silly packumentCache full:https://registry.npmjs.org/tslib cache-miss
102 silly fetch manifest tslib@2.8.1
103 silly packumentCache full:https://registry.npmjs.org/tslib cache-miss
104 http fetch GET 200 https://registry.npmjs.org/tslib 62ms (cache revalidated)
105 silly packumentCache full:https://registry.npmjs.org/tslib set size:108760 disposed:false
106 silly fetch manifest @types/ws@^8.18.1
107 silly packumentCache full:https://registry.npmjs.org/@types%2fws cache-miss
108 http fetch GET 200 https://registry.npmjs.org/tslib 65ms (cache revalidated)
109 silly packumentCache full:https://registry.npmjs.org/tslib set size:108760 disposed:false
110 silly packumentCache full:https://registry.npmjs.org/tslib dispose
111 silly fetch manifest @supabase/phoenix@^0.4.0
112 silly packumentCache full:https://registry.npmjs.org/@supabase%2fphoenix cache-miss
113 http fetch GET 200 https://registry.npmjs.org/tslib 82ms (cache revalidated)
114 silly packumentCache full:https://registry.npmjs.org/tslib set size:108760 disposed:true
115 silly packumentCache full:https://registry.npmjs.org/tslib dispose
116 silly fetch manifest iceberg-js@^0.8.1
117 silly packumentCache full:https://registry.npmjs.org/iceberg-js cache-miss
118 http fetch GET 200 https://registry.npmjs.org/@supabase%2fphoenix 79ms (cache miss)
119 silly packumentCache full:https://registry.npmjs.org/@supabase%2fphoenix set size:undefined disposed:false
120 http fetch GET 200 https://registry.npmjs.org/@types%2fws 103ms (cache miss)
121 silly packumentCache full:https://registry.npmjs.org/@types%2fws set size:undefined disposed:false
122 http fetch GET 200 https://registry.npmjs.org/iceberg-js 95ms (cache miss)
123 silly packumentCache full:https://registry.npmjs.org/iceberg-js set size:undefined disposed:false
124 silly placeDep ROOT tslib@2.8.1 OK for: @supabase/auth-js@2.103.3 want: 2.8.1
125 silly placeDep ROOT @supabase/phoenix@0.4.0 OK for: @supabase/realtime-js@2.103.3 want: ^0.4.0
126 silly placeDep ROOT @types/ws@8.18.1 OK for: @supabase/realtime-js@2.103.3 want: ^8.18.1
127 silly placeDep ROOT iceberg-js@0.8.1 OK for: @supabase/storage-js@2.103.3 want: ^0.8.1
128 silly placeDep node_modules/react-dom scheduler@0.27.0 OK for: react-dom@19.2.5 want: ^0.27.0
129 silly placeDep node_modules/react-native-web @react-native/normalize-colors@0.74.89 OK for: react-native-web@0.21.2 want: ^0.74.1
130 silly placeDep ROOT fbjs@3.0.5 OK for: react-native-web@0.21.2 want: ^3.0.4
131 silly placeDep ROOT inline-style-prefixer@7.0.1 OK for: react-native-web@0.21.2 want: ^7.0.1
132 silly placeDep node_modules/react-native-web memoize-one@6.0.0 OK for: react-native-web@0.21.2 want: ^6.0.0
133 silly placeDep ROOT postcss-value-parser@4.2.0 OK for: react-native-web@0.21.2 want: ^4.2.0
134 silly placeDep ROOT styleq@0.1.3 OK for: react-native-web@0.21.2 want: ^0.1.3
135 silly fetch manifest cross-fetch@^3.1.5
136 silly packumentCache full:https://registry.npmjs.org/cross-fetch cache-miss
137 silly fetch manifest fbjs-css-vars@^1.0.0
138 silly packumentCache full:https://registry.npmjs.org/fbjs-css-vars cache-miss
139 silly fetch manifest promise@^7.1.1
140 silly packumentCache full:https://registry.npmjs.org/promise cache-miss
141 http fetch GET 200 https://registry.npmjs.org/promise 58ms (cache revalidated)
142 silly packumentCache full:https://registry.npmjs.org/promise set size:112704 disposed:false
143 silly fetch manifest setimmediate@^1.0.5
144 silly packumentCache full:https://registry.npmjs.org/setimmediate cache-miss
145 http fetch GET 200 https://registry.npmjs.org/fbjs-css-vars 65ms (cache revalidated)
146 silly packumentCache full:https://registry.npmjs.org/fbjs-css-vars set size:7206 disposed:false
147 silly fetch manifest ua-parser-js@^1.0.35
148 silly packumentCache full:https://registry.npmjs.org/ua-parser-js cache-miss
149 http fetch GET 200 https://registry.npmjs.org/cross-fetch 85ms (cache revalidated)
150 silly packumentCache full:https://registry.npmjs.org/cross-fetch set size:156922 disposed:false
151 silly fetch manifest css-in-js-utils@^3.1.0
152 silly packumentCache full:https://registry.npmjs.org/css-in-js-utils cache-miss
153 http fetch GET 200 https://registry.npmjs.org/setimmediate 84ms (cache revalidated)
154 silly packumentCache full:https://registry.npmjs.org/setimmediate set size:17282 disposed:false
155 http fetch GET 200 https://registry.npmjs.org/ua-parser-js 97ms (cache revalidated)
156 silly packumentCache full:https://registry.npmjs.org/ua-parser-js set size:704635 disposed:false
157 http fetch GET 200 https://registry.npmjs.org/css-in-js-utils 109ms (cache miss)
158 silly packumentCache full:https://registry.npmjs.org/css-in-js-utils set size:undefined disposed:false
159 silly placeDep ROOT cross-fetch@3.2.0 OK for: fbjs@3.0.5 want: ^3.1.5
160 silly placeDep ROOT fbjs-css-vars@1.0.2 OK for: fbjs@3.0.5 want: ^1.0.0
161 silly placeDep ROOT promise@7.3.1 OK for: fbjs@3.0.5 want: ^7.1.1
162 silly placeDep ROOT setimmediate@1.0.5 OK for: fbjs@3.0.5 want: ^1.0.5
163 silly placeDep ROOT ua-parser-js@1.0.41 OK for: fbjs@3.0.5 want: ^1.0.35
164 silly fetch manifest node-fetch@^2.7.0
165 silly packumentCache full:https://registry.npmjs.org/node-fetch cache-miss
166 http fetch GET 200 https://registry.npmjs.org/node-fetch 65ms (cache revalidated)
167 silly packumentCache full:https://registry.npmjs.org/node-fetch set size:896010 disposed:false
168 silly placeDep ROOT node-fetch@2.7.0 OK for: cross-fetch@3.2.0 want: ^2.7.0
169 silly fetch manifest whatwg-url@^5.0.0
170 silly packumentCache full:https://registry.npmjs.org/whatwg-url cache-miss
171 http fetch GET 200 https://registry.npmjs.org/whatwg-url 60ms (cache revalidated)
172 silly packumentCache full:https://registry.npmjs.org/whatwg-url set size:170765 disposed:false
173 silly placeDep ROOT css-in-js-utils@3.1.0 OK for: inline-style-prefixer@7.0.1 want: ^3.1.0
174 silly fetch manifest hyphenate-style-name@^1.0.3
175 silly packumentCache full:https://registry.npmjs.org/hyphenate-style-name cache-miss
176 http fetch GET 200 https://registry.npmjs.org/hyphenate-style-name 88ms (cache miss)
177 silly packumentCache full:https://registry.npmjs.org/hyphenate-style-name set size:undefined disposed:false
178 silly placeDep ROOT hyphenate-style-name@1.1.0 OK for: css-in-js-utils@3.1.0 want: ^1.0.3
179 silly placeDep ROOT whatwg-url@5.0.0 OK for: node-fetch@2.7.0 want: ^5.0.0
180 silly fetch manifest tr46@~0.0.3
181 silly packumentCache full:https://registry.npmjs.org/tr46 cache-miss
182 silly fetch manifest webidl-conversions@^3.0.0
183 silly packumentCache full:https://registry.npmjs.org/webidl-conversions cache-miss
184 http fetch GET 200 https://registry.npmjs.org/tr46 53ms (cache revalidated)
185 silly packumentCache full:https://registry.npmjs.org/tr46 set size:47377 disposed:false
186 http fetch GET 200 https://registry.npmjs.org/webidl-conversions 66ms (cache revalidated)
187 silly packumentCache full:https://registry.npmjs.org/webidl-conversions set size:46073 disposed:false
188 silly placeDep ROOT tr46@0.0.3 OK for: whatwg-url@5.0.0 want: ~0.0.3
189 silly placeDep ROOT webidl-conversions@3.0.1 OK for: whatwg-url@5.0.0 want: ^3.0.0
190 silly reify moves {}
191 silly audit bulk request {
191 silly audit   '@0no-co/graphql.web': [ '1.2.0' ],
191 silly audit   '@babel/code-frame': [ '7.29.0', '7.10.4' ],
191 silly audit   '@babel/compat-data': [ '7.29.0' ],
191 silly audit   '@babel/core': [ '7.29.0' ],
191 silly audit   '@babel/generator': [ '7.29.1' ],
191 silly audit   '@babel/helper-annotate-as-pure': [ '7.27.3' ],
191 silly audit   '@babel/helper-compilation-targets': [ '7.28.6' ],
191 silly audit   '@babel/helper-create-class-features-plugin': [ '7.28.6' ],
191 silly audit   '@babel/helper-create-regexp-features-plugin': [ '7.28.5' ],
191 silly audit   '@babel/helper-define-polyfill-provider': [ '0.6.8' ],
191 silly audit   '@babel/helper-globals': [ '7.28.0' ],
191 silly audit   '@babel/helper-member-expression-to-functions': [ '7.28.5' ],
191 silly audit   '@babel/helper-module-imports': [ '7.28.6' ],
191 silly audit   '@babel/helper-module-transforms': [ '7.28.6' ],
191 silly audit   '@babel/helper-optimise-call-expression': [ '7.27.1' ],
191 silly audit   '@babel/helper-plugin-utils': [ '7.28.6' ],
191 silly audit   '@babel/helper-remap-async-to-generator': [ '7.27.1' ],
191 silly audit   '@babel/helper-replace-supers': [ '7.28.6' ],
191 silly audit   '@babel/helper-skip-transparent-expression-wrappers': [ '7.27.1' ],
191 silly audit   '@babel/helper-string-parser': [ '7.27.1' ],
191 silly audit   '@babel/helper-validator-identifier': [ '7.28.5' ],
191 silly audit   '@babel/helper-validator-option': [ '7.27.1' ],
191 silly audit   '@babel/helper-wrap-function': [ '7.28.6' ],
191 silly audit   '@babel/helpers': [ '7.29.2' ],
191 silly audit   '@babel/highlight': [ '7.25.9' ],
191 silly audit   'ansi-styles': [ '3.2.1', '4.3.0', '5.2.0' ],
191 silly audit   chalk: [ '2.4.2', '4.1.2' ],
191 silly audit   'color-convert': [ '1.9.3', '2.0.1' ],
191 silly audit   'color-name': [ '1.1.3', '1.1.4' ],
191 silly audit   'escape-string-regexp': [ '1.0.5', '4.0.0', '2.0.0' ],
191 silly audit   'has-flag': [ '3.0.0', '4.0.0' ],
191 silly audit   'supports-color': [ '5.5.0', '8.1.1', '7.2.0' ],
191 silly audit   '@babel/parser': [ '7.29.2' ],
191 silly audit   '@babel/plugin-proposal-decorators': [ '7.29.0' ],
191 silly audit   '@babel/plugin-proposal-export-default-from': [ '7.27.1' ],
191 silly audit   '@babel/plugin-syntax-async-generators': [ '7.8.4' ],
191 silly audit   '@babel/plugin-syntax-bigint': [ '7.8.3' ],
191 silly audit   '@babel/plugin-syntax-class-properties': [ '7.12.13' ],
191 silly audit   '@babel/plugin-syntax-class-static-block': [ '7.14.5' ],
191 silly audit   '@babel/plugin-syntax-decorators': [ '7.28.6' ],
191 silly audit   '@babel/plugin-syntax-dynamic-import': [ '7.8.3' ],
191 silly audit   '@babel/plugin-syntax-export-default-from': [ '7.28.6' ],
191 silly audit   '@babel/plugin-syntax-flow': [ '7.28.6' ],
191 silly audit   '@babel/plugin-syntax-import-attributes': [ '7.28.6' ],
191 silly audit   '@babel/plugin-syntax-import-meta': [ '7.10.4' ],
191 silly audit   '@babel/plugin-syntax-json-strings': [ '7.8.3' ],
191 silly audit   '@babel/plugin-syntax-jsx': [ '7.28.6' ],
191 silly audit   '@babel/plugin-syntax-logical-assignment-operators': [ '7.10.4' ],
191 silly audit   '@babel/plugin-syntax-nullish-coalescing-operator': [ '7.8.3' ],
191 silly audit   '@babel/plugin-syntax-numeric-separator': [ '7.10.4' ],
191 silly audit   '@babel/plugin-syntax-object-rest-spread': [ '7.8.3' ],
191 silly audit   '@babel/plugin-syntax-optional-catch-binding': [ '7.8.3' ],
191 silly audit   '@babel/plugin-syntax-optional-chaining': [ '7.8.3' ],
191 silly audit   '@babel/plugin-syntax-private-property-in-object': [ '7.14.5' ],
191 silly audit   '@babel/plugin-syntax-top-level-await': [ '7.14.5' ],
191 silly audit   '@babel/plugin-syntax-typescript': [ '7.28.6' ],
191 silly audit   '@babel/plugin-transform-arrow-functions': [ '7.27.1' ],
191 silly audit   '@babel/plugin-transform-async-generator-functions': [ '7.29.0' ],
191 silly audit   '@babel/plugin-transform-async-to-generator': [ '7.28.6' ],
191 silly audit   '@babel/plugin-transform-block-scoping': [ '7.28.6' ],
191 silly audit   '@babel/plugin-transform-class-properties': [ '7.28.6' ],
191 silly audit   '@babel/plugin-transform-class-static-block': [ '7.28.6' ],
191 silly audit   '@babel/plugin-transform-classes': [ '7.28.6' ],
191 silly audit   '@babel/plugin-transform-computed-properties': [ '7.28.6' ],
191 silly audit   '@babel/plugin-transform-destructuring': [ '7.28.5' ],
191 silly audit   '@babel/plugin-transform-export-namespace-from': [ '7.27.1' ],
191 silly audit   '@babel/plugin-transform-flow-strip-types': [ '7.27.1' ],
191 silly audit   '@babel/plugin-transform-for-of': [ '7.27.1' ],
191 silly audit   '@babel/plugin-transform-function-name': [ '7.27.1' ],
191 silly audit   '@babel/plugin-transform-literals': [ '7.27.1' ],
191 silly audit   '@babel/plugin-transform-logical-assignment-operators': [ '7.28.6' ],
191 silly audit   '@babel/plugin-transform-modules-commonjs': [ '7.28.6' ],
191 silly audit   '@babel/plugin-transform-named-capturing-groups-regex': [ '7.29.0' ],
191 silly audit   '@babel/plugin-transform-nullish-coalescing-operator': [ '7.28.6' ],
191 silly audit   '@babel/plugin-transform-numeric-separator': [ '7.28.6' ],
191 silly audit   '@babel/plugin-transform-object-rest-spread': [ '7.28.6' ],
191 silly audit   '@babel/plugin-transform-optional-catch-binding': [ '7.28.6' ],
191 silly audit   '@babel/plugin-transform-optional-chaining': [ '7.28.6' ],
191 silly audit   '@babel/plugin-transform-parameters': [ '7.27.7' ],
191 silly audit   '@babel/plugin-transform-private-methods': [ '7.28.6' ],
191 silly audit   '@babel/plugin-transform-private-property-in-object': [ '7.28.6' ],
191 silly audit   '@babel/plugin-transform-react-display-name': [ '7.28.0' ],
191 silly audit   '@babel/plugin-transform-react-jsx': [ '7.28.6' ],
191 silly audit   '@babel/plugin-transform-react-jsx-development': [ '7.27.1' ],
191 silly audit   '@babel/plugin-transform-react-jsx-self': [ '7.27.1' ],
191 silly audit   '@babel/plugin-transform-react-jsx-source': [ '7.27.1' ],
191 silly audit   '@babel/plugin-transform-react-pure-annotations': [ '7.27.1' ],
191 silly audit   '@babel/plugin-transform-regenerator': [ '7.29.0' ],
191 silly audit   '@babel/plugin-transform-runtime': [ '7.29.0' ],
191 silly audit   '@babel/plugin-transform-shorthand-properties': [ '7.27.1' ],
191 silly audit   '@babel/plugin-transform-spread': [ '7.28.6' ],
191 silly audit   '@babel/plugin-transform-sticky-regex': [ '7.27.1' ],
191 silly audit   '@babel/plugin-transform-typescript': [ '7.28.6' ],
191 silly audit   '@babel/plugin-transform-unicode-regex': [ '7.27.1' ],
191 silly audit   '@babel/preset-react': [ '7.28.5' ],
191 silly audit   '@babel/preset-typescript': [ '7.28.5' ],
191 silly audit   '@babel/runtime': [ '7.29.2' ],
191 silly audit   '@babel/template': [ '7.28.6' ],
191 silly audit   '@babel/traverse': [ '7.29.0' ],
191 silly audit   '@babel/types': [ '7.29.0' ],
191 silly audit   '@expo/cli': [ '54.0.23' ],
191 silly audit   semver: [ '7.7.4', '6.3.1' ],
191 silly audit   '@expo/code-signing-certificates': [ '0.0.6' ],
191 silly audit   '@expo/config': [ '12.0.13' ],
191 silly audit   '@expo/config-plugins': [ '54.0.4' ],
191 silly audit   '@expo/config-types': [ '54.0.10' ],
191 silly audit   '@expo/devcert': [ '1.2.1' ],
191 silly audit   debug: [ '3.2.7', '2.6.9', '4.4.3' ],
191 silly audit   '@expo/devtools': [ '0.1.8' ],
191 silly audit   '@expo/env': [ '2.0.11' ],
191 silly audit   '@expo/fingerprint': [ '0.15.4' ],
191 silly audit   '@expo/image-utils': [ '0.8.13' ],
191 silly audit   '@expo/json-file': [ '10.0.13' ],
191 silly audit   '@expo/metro': [ '54.2.0' ],
191 silly audit   '@expo/metro-config': [ '54.0.14' ],
191 silly audit   'hermes-estree': [ '0.29.1', '0.32.0' ],
191 silly audit   'hermes-parser': [ '0.29.1', '0.32.0' ],
191 silly audit   '@expo/ngrok': [ '4.1.3' ],
191 silly audit   '@expo/ngrok-bin': [ '2.3.42' ],
191 silly audit   '@expo/ngrok-bin-darwin-arm64': [ '2.3.41' ],
191 silly audit   '@expo/ngrok-bin-darwin-x64': [ '2.3.41' ],
191 silly audit   '@expo/ngrok-bin-freebsd-ia32': [ '2.3.41' ],
191 silly audit   '@expo/ngrok-bin-freebsd-x64': [ '2.3.41' ],
191 silly audit   '@expo/ngrok-bin-linux-arm': [ '2.3.41' ],
191 silly audit   '@expo/ngrok-bin-linux-arm64': [ '2.3.41' ],
191 silly audit   '@expo/ngrok-bin-linux-ia32': [ '2.3.41' ],
191 silly audit   '@expo/ngrok-bin-linux-x64': [ '2.3.41' ],
191 silly audit   '@expo/ngrok-bin-sunos-x64': [ '2.3.41' ],
191 silly audit   '@expo/ngrok-bin-win32-ia32': [ '2.3.41' ],
191 silly audit   '@expo/ngrok-bin-win32-x64': [ '2.3.41' ],
191 silly audit   uuid: [ '3.4.0', '7.0.3' ],
191 silly audit   yaml: [ '1.10.3', '2.8.3' ],
191 silly audit   '@expo/osascript': [ '2.4.2' ],
191 silly audit   '@expo/package-manager': [ '1.10.4' ],
191 silly audit   '@expo/plist': [ '0.4.8' ],
191 silly audit   '@expo/prebuild-config': [ '54.0.8' ],
191 silly audit   '@expo/require-utils': [ '55.0.4' ],
191 silly audit   '@expo/schema-utils': [ '0.1.8' ],
191 silly audit   '@expo/sdk-runtime-versions': [ '1.0.0' ],
191 silly audit   '@expo/spawn-async': [ '1.7.2' ],
191 silly audit   '@expo/sudo-prompt': [ '9.3.2' ],
191 silly audit   '@expo/vector-icons': [ '15.1.1' ],
191 silly audit   '@expo/ws-tunnel': [ '1.0.6' ],
191 silly audit   '@expo/xcpretty': [ '4.4.3' ],
191 silly audit   '@isaacs/fs-minipass': [ '4.0.1' ],
191 silly audit   '@isaacs/ttlcache': [ '1.4.1' ],
191 silly audit   '@istanbuljs/load-nyc-config': [ '1.1.0' ],
191 silly audit   argparse: [ '1.0.10', '2.0.1' ],
191 silly audit   camelcase: [ '5.3.1', '6.3.0' ],
191 silly audit   'js-yaml': [ '3.14.2', '4.1.1' ],
191 silly audit   '@istanbuljs/schema': [ '0.1.6' ],
191 silly audit   '@jest/create-cache-key-function': [ '29.7.0' ],
191 silly audit   '@jest/environment': [ '29.7.0' ],
191 silly audit   '@jest/fake-timers': [ '29.7.0' ],
191 silly audit   '@jest/schemas': [ '29.6.3' ],
191 silly audit   '@jest/transform': [ '29.7.0' ],
191 silly audit   '@jest/types': [ '29.6.3' ],
191 silly audit   '@jridgewell/gen-mapping': [ '0.3.13' ],
191 silly audit   '@jridgewell/remapping': [ '2.3.5' ],
191 silly audit   '@jridgewell/resolve-uri': [ '3.1.2' ],
191 silly audit   '@jridgewell/source-map': [ '0.3.11' ],
191 silly audit   '@jridgewell/sourcemap-codec': [ '1.5.5' ],
191 silly audit   '@jridgewell/trace-mapping': [ '0.3.31' ],
191 silly audit   '@react-native-async-storage/async-storage': [ '1.24.0' ],
191 silly audit   '@react-native/assets-registry': [ '0.81.0' ],
191 silly audit   '@react-native/community-cli-plugin': [ '0.81.0' ],
191 silly audit   '@react-native/debugger-frontend': [ '0.81.0', '0.81.5' ],
191 silly audit   '@react-native/dev-middleware': [ '0.81.0', '0.81.5' ],
191 silly audit   ws: [ '6.2.3', '7.5.10', '8.20.0' ],
191 silly audit   '@react-native/gradle-plugin': [ '0.81.0' ],
191 silly audit   '@react-native/js-polyfills': [ '0.81.0' ],
191 silly audit   '@react-native/normalize-colors': [ '0.81.5', '0.81.0', '0.74.89' ],
191 silly audit   '@react-native/virtualized-lists': [ '0.81.0' ],
191 silly audit   '@sinclair/typebox': [ '0.27.10' ],
191 silly audit   '@sindresorhus/is': [ '4.6.0' ],
191 silly audit   '@sinonjs/commons': [ '3.0.1' ],
191 silly audit   '@sinonjs/fake-timers': [ '10.3.0' ],
191 silly audit   '@szmarczak/http-timer': [ '4.0.6' ],
191 silly audit   '@types/babel__core': [ '7.20.5' ],
191 silly audit   '@types/babel__generator': [ '7.27.0' ],
191 silly audit   '@types/babel__template': [ '7.4.4' ],
191 silly audit   '@types/babel__traverse': [ '7.28.0' ],
191 silly audit   '@types/cacheable-request': [ '6.0.3' ],
191 silly audit   '@types/graceful-fs': [ '4.1.9' ],
191 silly audit   '@types/http-cache-semantics': [ '4.2.0' ],
191 silly audit   '@types/istanbul-lib-coverage': [ '2.0.6' ],
191 silly audit   '@types/istanbul-lib-report': [ '3.0.3' ],
191 silly audit   '@types/istanbul-reports': [ '3.0.4' ],
191 silly audit   '@types/keyv': [ '3.1.4' ],
191 silly audit   '@types/node': [ '25.6.0' ],
191 silly audit   '@types/responselike': [ '1.0.3' ],
191 silly audit   '@types/stack-utils': [ '2.0.3' ],
191 silly audit   '@types/yargs': [ '17.0.35' ],
191 silly audit   '@types/yargs-parser': [ '21.0.3' ],
191 silly audit   '@ungap/structured-clone': [ '1.3.0' ],
191 silly audit   '@urql/core': [ '5.2.0' ],
191 silly audit   '@urql/exchange-retry': [ '1.3.2' ],
191 silly audit   '@xmldom/xmldom': [ '0.8.12' ],
191 silly audit   'abort-controller': [ '3.0.0' ],
191 silly audit   accepts: [ '1.3.8' ],
191 silly audit   acorn: [ '8.16.0' ],
191 silly audit   'agent-base': [ '7.1.4' ],
191 silly audit   anser: [ '1.4.10' ],
191 silly audit   'ansi-escapes': [ '4.3.2' ],
191 silly audit   'type-fest': [ '0.21.3', '0.7.1' ],
191 silly audit   'ansi-regex': [ '5.0.1', '4.1.1' ],
191 silly audit   'any-promise': [ '1.3.0' ],
191 silly audit   anymatch: [ '3.1.3' ],
191 silly audit   picomatch: [ '2.3.2', '3.0.2', '4.0.4' ],
191 silly audit   arg: [ '5.0.2' ],
191 silly audit   asap: [ '2.0.6' ],
191 silly audit   'async-limiter': [ '1.0.1' ],
191 silly audit   'babel-jest': [ '29.7.0' ],
191 silly audit   'babel-plugin-istanbul': [ '6.1.1' ],
191 silly audit   'babel-plugin-jest-hoist': [ '29.6.3' ],
191 silly audit   'babel-plugin-polyfill-corejs2': [ '0.4.17' ],
191 silly audit   'babel-plugin-polyfill-corejs3': [ '0.13.0' ],
191 silly audit   'babel-plugin-polyfill-regenerator': [ '0.6.8' ],
191 silly audit   'babel-plugin-react-compiler': [ '1.0.0' ],
191 silly audit   'babel-plugin-react-native-web': [ '0.21.2' ],
191 silly audit   'babel-plugin-transform-flow-enums': [ '0.0.2' ],
191 silly audit   'babel-preset-current-node-syntax': [ '1.2.0' ],
191 silly audit   'babel-preset-expo': [ '54.0.10' ],
191 silly audit   '@react-native/babel-plugin-codegen': [ '0.81.5' ],
191 silly audit   '@react-native/babel-preset': [ '0.81.5' ],
191 silly audit   '@react-native/codegen': [ '0.81.5', '0.81.0' ],
191 silly audit   'babel-plugin-syntax-hermes-parser': [ '0.29.1' ],
191 silly audit   'brace-expansion': [ '1.1.14', '2.1.0', '5.0.5' ],
191 silly audit   glob: [ '7.2.3', '13.0.6' ],
191 silly audit   minimatch: [ '3.1.5', '10.2.5', '9.0.9' ],
191 silly audit   'babel-preset-jest': [ '29.6.3' ],
191 silly audit   'balanced-match': [ '1.0.2', '4.0.4' ],
191 silly audit   'base64-js': [ '1.5.1' ],
191 silly audit   'baseline-browser-mapping': [ '2.10.19' ],
191 silly audit   'better-opn': [ '3.0.2' ],
191 silly audit   open: [ '8.4.2', '7.4.2' ],
191 silly audit   'big-integer': [ '1.6.52' ],
191 silly audit   boolbase: [ '1.0.0' ],
191 silly audit   'bplist-creator': [ '0.1.0' ],
191 silly audit   'bplist-parser': [ '0.3.2', '0.3.1' ],
191 silly audit   braces: [ '3.0.3' ],
191 silly audit   browserslist: [ '4.28.2' ],
191 silly audit   bser: [ '2.1.1' ],
191 silly audit   buffer: [ '5.7.1' ],
191 silly audit   'buffer-from': [ '1.1.2' ],
191 silly audit   bytes: [ '3.1.2' ],
191 silly audit   'cacheable-lookup': [ '5.0.4' ],
191 silly audit   'cacheable-request': [ '7.0.4' ],
191 silly audit   'get-stream': [ '5.2.0' ],
191 silly audit   'caniuse-lite': [ '1.0.30001788' ],
191 silly audit   chownr: [ '3.0.0' ],
191 silly audit   'chrome-launcher': [ '0.15.2' ],
191 silly audit   'chromium-edge-launcher': [ '0.2.0' ],
191 silly audit   'ci-info': [ '3.9.0', '2.0.0' ],
191 silly audit   'cli-cursor': [ '2.1.0' ],
191 silly audit   'cli-spinners': [ '2.9.2' ],
191 silly audit   cliui: [ '8.0.1' ],
191 silly audit   'strip-ansi': [ '6.0.1', '5.2.0' ],
191 silly audit   clone: [ '1.0.4' ],
191 silly audit   'clone-response': [ '1.0.3' ],
191 silly audit   commander: [ '7.2.0', '12.1.0', '4.1.1', '2.20.3' ],
191 silly audit   compressible: [ '2.0.18' ],
191 silly audit   compression: [ '1.8.1' ],
191 silly audit   ms: [ '2.0.0', '2.1.3' ],
191 silly audit   negotiator: [ '0.6.4', '0.6.3' ],
191 silly audit   'concat-map': [ '0.0.1' ],
191 silly audit   connect: [ '3.7.0' ],
191 silly audit   'convert-source-map': [ '2.0.0' ],
191 silly audit   'core-js-compat': [ '3.49.0' ],
191 silly audit   'cross-spawn': [ '7.0.6' ],
191 silly audit   'css-select': [ '5.2.2' ],
191 silly audit   'css-tree': [ '1.1.3' ],
191 silly audit   'source-map': [ '0.6.1', '0.5.7' ],
191 silly audit   'css-what': [ '6.2.2' ],
191 silly audit   'decompress-response': [ '6.0.0' ],
191 silly audit   'mimic-response': [ '3.1.0', '1.0.1' ],
191 silly audit   'deep-extend': [ '0.6.0' ],
191 silly audit   deepmerge: [ '4.3.1' ],
191 silly audit   defaults: [ '1.0.4' ],
191 silly audit   'defer-to-connect': [ '2.0.1' ],
191 silly audit   'define-lazy-prop': [ '2.0.0' ],
191 silly audit   depd: [ '2.0.0' ],
191 silly audit   destroy: [ '1.2.0' ],
191 silly audit   'detect-libc': [ '2.1.2' ],
191 silly audit   'dom-serializer': [ '2.0.0' ],
191 silly audit   domelementtype: [ '2.3.0' ],
191 silly audit   domhandler: [ '5.0.3' ],
191 silly audit   domutils: [ '3.2.2' ],
191 silly audit   dotenv: [ '16.4.7' ],
191 silly audit   'dotenv-expand': [ '11.0.7' ],
191 silly audit   'ee-first': [ '1.1.1' ],
191 silly audit   'electron-to-chromium': [ '1.5.336' ],
191 silly audit   'emoji-regex': [ '8.0.0' ],
191 silly audit   encodeurl: [ '1.0.2', '2.0.0' ],
191 silly audit   'end-of-stream': [ '1.4.5' ],
191 silly audit   entities: [ '4.5.0' ],
191 silly audit   'env-editor': [ '0.4.2' ],
191 silly audit   'error-stack-parser': [ '2.1.4' ],
191 silly audit   'es-errors': [ '1.3.0' ],
191 silly audit   escalade: [ '3.2.0' ],
191 silly audit   'escape-html': [ '1.0.3' ],
191 silly audit   esprima: [ '4.0.1' ],
191 silly audit   etag: [ '1.8.1' ],
191 silly audit   'event-target-shim': [ '5.0.1' ],
191 silly audit   expo: [ '54.0.33' ],
191 silly audit   'expo-asset': [ '12.0.12' ],
191 silly audit   'expo-constants': [ '18.0.13' ],
191 silly audit   'expo-file-system': [ '19.0.21' ],
191 silly audit   'expo-font': [ '14.0.11' ],
191 silly audit   'expo-keep-awake': [ '15.0.8' ],
191 silly audit   'expo-modules-autolinking': [ '3.0.24' ],
191 silly audit   'expo-modules-core': [ '3.0.29' ],
191 silly audit   'expo-server': [ '1.0.5' ],
191 silly audit   'expo-status-bar': [ '2.1.0' ],
191 silly audit   'exponential-backoff': [ '3.1.3' ],
191 silly audit   'fast-json-stable-stringify': [ '2.1.0' ],
191 silly audit   'fb-watchman': [ '2.0.2' ],
191 silly audit   fdir: [ '6.5.0' ],
191 silly audit   'fill-range': [ '7.1.1' ],
191 silly audit   finalhandler: [ '1.1.2' ],
191 silly audit   'find-up': [ '4.1.0' ],
191 silly audit   'flow-enums-runtime': [ '0.0.6' ],
191 silly audit   fontfaceobserver: [ '2.3.0' ],
191 silly audit   'freeport-async': [ '2.0.0' ],
191 silly audit   fresh: [ '0.5.2' ],
191 silly audit   'fs.realpath': [ '1.0.0' ],
191 silly audit   fsevents: [ '2.3.3' ],
191 silly audit   'function-bind': [ '1.1.2' ],
191 silly audit   gensync: [ '1.0.0-beta.2' ],
191 silly audit   'get-caller-file': [ '2.0.5' ],
191 silly audit   'get-package-type': [ '0.1.0' ],
191 silly audit   getenv: [ '2.0.0' ],
191 silly audit   got: [ '11.8.6' ],
191 silly audit   'graceful-fs': [ '4.2.11' ],
191 silly audit   hasown: [ '2.0.2' ],
191 silly audit   'hosted-git-info': [ '7.0.2' ],
191 silly audit   'lru-cache': [ '10.4.3', '5.1.1', '11.3.5' ],
191 silly audit   'http-cache-semantics': [ '4.2.0' ],
191 silly audit   'http-errors': [ '2.0.1' ],
191 silly audit   statuses: [ '2.0.2', '1.5.0' ],
191 silly audit   'http2-wrapper': [ '1.0.3' ],
191 silly audit   'https-proxy-agent': [ '7.0.6' ],
191 silly audit   ieee754: [ '1.2.1' ],
191 silly audit   ignore: [ '5.3.2' ],
191 silly audit   'image-size': [ '1.2.1' ],
191 silly audit   imurmurhash: [ '0.1.4' ],
191 silly audit   inflight: [ '1.0.6' ],
191 silly audit   inherits: [ '2.0.4' ],
191 silly audit   ini: [ '1.3.8' ],
191 silly audit   invariant: [ '2.2.4' ],
191 silly audit   'is-core-module': [ '2.16.1' ],
191 silly audit   'is-docker': [ '2.2.1' ],
191 silly audit   'is-number': [ '7.0.0' ],
191 silly audit   'is-plain-obj': [ '2.1.0' ],
191 silly audit   'is-wsl': [ '2.2.0' ],
191 silly audit   isexe: [ '2.0.0' ],
191 silly audit   'istanbul-lib-coverage': [ '3.2.2' ],
191 silly audit   'istanbul-lib-instrument': [ '5.2.1' ],
191 silly audit   'jest-environment-node': [ '29.7.0' ],
191 silly audit   'jest-get-type': [ '29.6.3' ],
191 silly audit   'jest-haste-map': [ '29.7.0' ],
191 silly audit   'jest-message-util': [ '29.7.0' ],
191 silly audit   'jest-mock': [ '29.7.0' ],
191 silly audit   'jest-regex-util': [ '29.6.3' ],
191 silly audit   'jest-util': [ '29.7.0' ],
191 silly audit   'jest-validate': [ '29.7.0' ],
191 silly audit   'jest-worker': [ '29.7.0' ],
191 silly audit   'jimp-compact': [ '0.16.1' ],
191 silly audit   'js-tokens': [ '4.0.0' ],
191 silly audit   'jsc-safe-url': [ '0.2.4' ],
191 silly audit   jsesc: [ '3.1.0' ],
191 silly audit   'json-buffer': [ '3.0.1' ],
191 silly audit   json5: [ '2.2.3' ],
191 silly audit   keyv: [ '4.5.4' ],
191 silly audit   kleur: [ '3.0.3' ],
191 silly audit   'lan-network': [ '0.1.7' ],
191 silly audit   leven: [ '3.1.0' ],
191 silly audit   'lighthouse-logger': [ '1.4.2' ],
191 silly audit   lightningcss: [ '1.32.0' ],
191 silly audit   'lightningcss-android-arm64': [ '1.32.0' ],
191 silly audit   'lightningcss-darwin-arm64': [ '1.32.0' ],
191 silly audit   'lightningcss-darwin-x64': [ '1.32.0' ],
191 silly audit   'lightningcss-freebsd-x64': [ '1.32.0' ],
191 silly audit   'lightningcss-linux-arm-gnueabihf': [ '1.32.0' ],
191 silly audit   'lightningcss-linux-arm64-gnu': [ '1.32.0' ],
191 silly audit   'lightningcss-linux-arm64-musl': [ '1.32.0' ],
191 silly audit   'lightningcss-linux-x64-gnu': [ '1.32.0' ],
191 silly audit   'lightningcss-linux-x64-musl': [ '1.32.0' ],
191 silly audit   'lightningcss-win32-arm64-msvc': [ '1.32.0' ],
191 silly audit   'lightningcss-win32-x64-msvc': [ '1.32.0' ],
191 silly audit   'lines-and-columns': [ '1.2.4' ],
191 silly audit   'locate-path': [ '5.0.0' ],
191 silly audit   'lodash.debounce': [ '4.0.8' ],
191 silly audit   'lodash.throttle': [ '4.1.1' ],
191 silly audit   'log-symbols': [ '2.2.0' ],
191 silly audit   'loose-envify': [ '1.4.0' ],
191 silly audit   'lowercase-keys': [ '2.0.0' ],
191 silly audit   'lucide-react-native': [ '0.479.0' ],
191 silly audit   makeerror: [ '1.0.12' ],
191 silly audit   marky: [ '1.3.0' ],
191 silly audit   'mdn-data': [ '2.0.14' ],
191 silly audit   'memoize-one': [ '5.2.1', '6.0.0' ],
191 silly audit   'merge-options': [ '3.0.4' ],
191 silly audit   'merge-stream': [ '2.0.0' ],
191 silly audit   metro: [ '0.83.3' ],
191 silly audit   'metro-babel-transformer': [ '0.83.3' ],
191 silly audit   'metro-cache': [ '0.83.3' ],
191 silly audit   'metro-cache-key': [ '0.83.3' ],
191 silly audit   'metro-config': [ '0.83.3' ],
191 silly audit   'metro-core': [ '0.83.3' ],
191 silly audit   'metro-file-map': [ '0.83.3' ],
191 silly audit   'metro-minify-terser': [ '0.83.3' ],
191 silly audit   'metro-resolver': [ '0.83.3' ],
191 silly audit   'metro-runtime': [ '0.83.3' ],
191 silly audit   'metro-source-map': [ '0.83.3' ],
191 silly audit   'metro-symbolicate': [ '0.83.3' ],
191 silly audit   'metro-transform-plugins': [ '0.83.3' ],
191 silly audit   'metro-transform-worker': [ '0.83.3' ],
191 silly audit   micromatch: [ '4.0.8' ],
191 silly audit   mime: [ '1.6.0' ],
191 silly audit   'mime-db': [ '1.54.0', '1.52.0' ],
191 silly audit   'mime-types': [ '2.1.35' ],
191 silly audit   'mimic-fn': [ '1.2.0' ],
191 silly audit   minimist: [ '1.2.8' ],
191 silly audit   minipass: [ '7.1.3' ],
191 silly audit   minizlib: [ '3.1.0' ],
191 silly audit   mkdirp: [ '1.0.4' ],
191 silly audit   mz: [ '2.7.0' ],
191 silly audit   nanoid: [ '3.3.11' ],
191 silly audit   'nested-error-stacks': [ '2.0.1' ],
191 silly audit   'node-forge': [ '1.4.0' ],
191 silly audit   'node-int64': [ '0.4.0' ],
191 silly audit   'node-releases': [ '2.0.37' ],
191 silly audit   'normalize-path': [ '3.0.0' ],
191 silly audit   'normalize-url': [ '6.1.0' ],
191 silly audit   'npm-package-arg': [ '11.0.3' ],
191 silly audit   'nth-check': [ '2.1.1' ],
191 silly audit   nullthrows: [ '1.1.1' ],
191 silly audit   ob1: [ '0.83.3' ],
191 silly audit   'object-assign': [ '4.1.1' ],
191 silly audit   'on-finished': [ '2.3.0', '2.4.1' ],
191 silly audit   'on-headers': [ '1.1.0' ],
191 silly audit   once: [ '1.4.0' ],
191 silly audit   onetime: [ '2.0.1' ],
191 silly audit   ora: [ '3.4.0' ],
191 silly audit   'p-cancelable': [ '2.1.1' ],
191 silly audit   'p-limit': [ '3.1.0', '2.3.0' ],
191 silly audit   'p-locate': [ '4.1.0' ],
191 silly audit   'p-try': [ '2.2.0' ],
191 silly audit   'parse-png': [ '2.1.0' ],
191 silly audit   parseurl: [ '1.3.3' ],
191 silly audit   'path-exists': [ '4.0.0' ],
191 silly audit   'path-is-absolute': [ '1.0.1' ],
191 silly audit   'path-key': [ '3.1.1' ],
191 silly audit   'path-parse': [ '1.0.7' ],
191 silly audit   'path-scurry': [ '2.0.2' ],
191 silly audit   picocolors: [ '1.1.1' ],
191 silly audit   pirates: [ '4.0.7' ],
191 silly audit   plist: [ '3.1.0' ],
191 silly audit   pngjs: [ '3.4.0' ],
191 silly audit   postcss: [ '8.4.49' ],
191 silly audit   'pretty-bytes': [ '5.6.0' ],
191 silly audit   'pretty-format': [ '29.7.0' ],
191 silly audit   'proc-log': [ '4.2.0' ],
191 silly audit   progress: [ '2.0.3' ],
191 silly audit   prompts: [ '2.4.2' ],
191 silly audit   pump: [ '3.0.4' ],
191 silly audit   punycode: [ '2.3.1' ],
191 silly audit   'qrcode-terminal': [ '0.11.0' ],
191 silly audit   queue: [ '6.0.2' ],
191 silly audit   'quick-lru': [ '5.1.1' ],
191 silly audit   'range-parser': [ '1.2.1' ],
191 silly audit   rc: [ '1.2.8' ],
191 silly audit   react: [ '19.1.0' ],
191 silly audit   'react-devtools-core': [ '6.1.5' ],
191 silly audit   'react-is': [ '18.3.1' ],
191 silly audit   'react-native': [ '0.81.0' ],
191 silly audit   'react-native-is-edge-to-edge': [ '1.3.1' ],
191 silly audit   'react-native-safe-area-context': [ '5.2.0' ],
191 silly audit   'react-native-svg': [ '15.12.1' ],
191 silly audit   promise: [ '8.3.0', '7.3.1' ],
191 silly audit   'react-refresh': [ '0.14.2' ],
191 silly audit   regenerate: [ '1.4.2' ],
191 silly audit   'regenerate-unicode-properties': [ '10.2.2' ],
191 silly audit   'regenerator-runtime': [ '0.13.11' ],
191 silly audit   'regexpu-core': [ '6.4.0' ],
191 silly audit   regjsgen: [ '0.8.0' ],
191 silly audit   regjsparser: [ '0.13.1' ],
191 silly audit   'require-directory': [ '2.1.1' ],
191 silly audit   'require-from-string': [ '2.0.2' ],
191 silly audit   requireg: [ '0.2.2' ],
191 silly audit   resolve: [ '1.7.1', '1.22.12' ],
191 silly audit   'resolve-alpn': [ '1.2.1' ],
191 silly audit   'resolve-from': [ '5.0.0' ],
191 silly audit   'resolve-workspace-root': [ '2.0.1' ],
191 silly audit   'resolve.exports': [ '2.0.3' ],
191 silly audit   responselike: [ '2.0.1' ],
191 silly audit   'restore-cursor': [ '2.0.0' ],
191 silly audit   rimraf: [ '3.0.2' ],
191 silly audit   'safe-buffer': [ '5.2.1' ],
191 silly audit   sax: [ '1.6.0' ],
191 silly audit   scheduler: [ '0.26.0', '0.27.0' ],
191 silly audit   send: [ '0.19.2' ],
191 silly audit   'serialize-error': [ '2.1.0' ],
191 silly audit   'serve-static': [ '1.16.3' ],
191 silly audit   setprototypeof: [ '1.2.0' ],
191 silly audit   'shebang-command': [ '2.0.0' ],
191 silly audit   'shebang-regex': [ '3.0.0' ],
191 silly audit   'shell-quote': [ '1.8.3' ],
191 silly audit   'signal-exit': [ '3.0.7' ],
191 silly audit   'simple-plist': [ '1.3.1' ],
191 silly audit   sisteransi: [ '1.0.5' ],
191 silly audit   slash: [ '3.0.0' ],
191 silly audit   slugify: [ '1.6.9' ],
191 silly audit   'source-map-js': [ '1.2.1' ],
191 silly audit   'source-map-support': [ '0.5.21' ],
191 silly audit   'sprintf-js': [ '1.0.3' ],
191 silly audit   'stack-utils': [ '2.0.6' ],
191 silly audit   stackframe: [ '1.3.4' ],
191 silly audit   'stacktrace-parser': [ '0.1.11' ],
191 silly audit   'stream-buffers': [ '2.2.0' ],
191 silly audit   'string-width': [ '4.2.3' ],
191 silly audit   'is-fullwidth-code-point': [ '3.0.0' ],
191 silly audit   'strip-json-comments': [ '2.0.1' ],
191 silly audit   'structured-headers': [ '0.4.1' ],
191 silly audit   sucrase: [ '3.35.1' ],
191 silly audit   'supports-hyperlinks': [ '2.3.0' ],
191 silly audit   'supports-preserve-symlinks-flag': [ '1.0.0' ],
191 silly audit   tar: [ '7.5.13' ],
191 silly audit   yallist: [ '5.0.0', '3.1.1' ],
191 silly audit   'terminal-link': [ '2.1.1' ],
191 silly audit   terser: [ '5.46.1' ],
191 silly audit   'test-exclude': [ '6.0.0' ],
191 silly audit   thenify: [ '3.3.1' ],
191 silly audit   'thenify-all': [ '1.6.0' ],
191 silly audit   throat: [ '5.0.0' ],
191 silly audit   tinyglobby: [ '0.2.16' ],
191 silly audit   tmpl: [ '1.0.5' ],
191 silly audit   'to-regex-range': [ '5.0.1' ],
191 silly audit   toidentifier: [ '1.0.1' ],
191 silly audit   'ts-interface-checker': [ '0.1.13' ],
191 silly audit   'type-detect': [ '4.0.8' ],
191 silly audit   undici: [ '6.25.0' ],
191 silly audit   'undici-types': [ '7.19.2' ],
191 silly audit   'unicode-canonical-property-names-ecmascript': [ '2.0.1' ],
191 silly audit   'unicode-match-property-ecmascript': [ '2.0.0' ],
191 silly audit   'unicode-match-property-value-ecmascript': [ '2.2.1' ],
191 silly audit   'unicode-property-aliases-ecmascript': [ '2.2.0' ],
191 silly audit   unpipe: [ '1.0.0' ],
191 silly audit   'update-browserslist-db': [ '1.2.3' ],
191 silly audit   'utils-merge': [ '1.0.1' ],
191 silly audit   'validate-npm-package-name': [ '5.0.1' ],
191 silly audit   vary: [ '1.1.2' ],
191 silly audit   vlq: [ '1.0.1' ],
191 silly audit   walker: [ '1.0.8' ],
191 silly audit   'warn-once': [ '0.1.1' ],
191 silly audit   wcwidth: [ '1.0.1' ],
191 silly audit   'whatwg-fetch': [ '3.6.20' ],
191 silly audit   'whatwg-url-without-unicode': [ '8.0.0-3' ],
191 silly audit   'webidl-conversions': [ '5.0.0', '3.0.1' ],
191 silly audit   which: [ '2.0.2' ],
191 silly audit   wonka: [ '6.3.6' ],
191 silly audit   'wrap-ansi': [ '7.0.0' ],
191 silly audit   wrappy: [ '1.0.2' ],
191 silly audit   'write-file-atomic': [ '4.0.2' ],
191 silly audit   xcode: [ '3.0.1' ],
191 silly audit   xml2js: [ '0.6.0' ],
191 silly audit   xmlbuilder: [ '11.0.1', '15.1.1' ],
191 silly audit   y18n: [ '5.0.8' ],
191 silly audit   yargs: [ '17.7.2' ],
191 silly audit   'yargs-parser': [ '21.1.1' ],
191 silly audit   'yocto-queue': [ '0.1.0' ],
191 silly audit   '@expo/metro-runtime': [ '55.0.9' ],
191 silly audit   '@supabase/supabase-js': [ '2.103.3' ],
191 silly audit   'react-dom': [ '19.2.5' ],
191 silly audit   'react-native-web': [ '0.21.2' ],
191 silly audit   '@expo/log-box': [ '55.0.10' ],
191 silly audit   '@expo/dom-webview': [ '55.0.5' ],
191 silly audit   '@supabase/auth-js': [ '2.103.3' ],
191 silly audit   '@supabase/functions-js': [ '2.103.3' ],
191 silly audit   '@supabase/postgrest-js': [ '2.103.3' ],
191 silly audit   '@supabase/realtime-js': [ '2.103.3' ],
191 silly audit   '@supabase/storage-js': [ '2.103.3' ],
191 silly audit   tslib: [ '2.8.1' ],
191 silly audit   '@supabase/phoenix': [ '0.4.0' ],
191 silly audit   '@types/ws': [ '8.18.1' ],
191 silly audit   'iceberg-js': [ '0.8.1' ],
191 silly audit   fbjs: [ '3.0.5' ],
191 silly audit   'inline-style-prefixer': [ '7.0.1' ],
191 silly audit   'postcss-value-parser': [ '4.2.0' ],
191 silly audit   styleq: [ '0.1.3' ],
191 silly audit   'cross-fetch': [ '3.2.0' ],
191 silly audit   'fbjs-css-vars': [ '1.0.2' ],
191 silly audit   setimmediate: [ '1.0.5' ],
191 silly audit   'ua-parser-js': [ '1.0.41' ],
191 silly audit   'node-fetch': [ '2.7.0' ],
191 silly audit   'css-in-js-utils': [ '3.1.0' ],
191 silly audit   'hyphenate-style-name': [ '1.1.0' ],
191 silly audit   'whatwg-url': [ '5.0.0' ],
191 silly audit   tr46: [ '0.0.3' ]
191 silly audit }
192 http cache tr46@https://registry.npmjs.org/tr46/-/tr46-0.0.3.tgz 0ms (cache hit)
193 http cache webidl-conversions@https://registry.npmjs.org/webidl-conversions/-/webidl-conversions-3.0.1.tgz 0ms (cache hit)
194 http cache whatwg-url@https://registry.npmjs.org/whatwg-url/-/whatwg-url-5.0.0.tgz 0ms (cache hit)
195 http cache hyphenate-style-name@https://registry.npmjs.org/hyphenate-style-name/-/hyphenate-style-name-1.1.0.tgz 0ms (cache hit)
196 http cache ua-parser-js@https://registry.npmjs.org/ua-parser-js/-/ua-parser-js-1.0.41.tgz 0ms (cache hit)
197 http cache setimmediate@https://registry.npmjs.org/setimmediate/-/setimmediate-1.0.5.tgz 0ms (cache hit)
198 http cache promise@https://registry.npmjs.org/promise/-/promise-7.3.1.tgz 0ms (cache hit)
199 http cache fbjs-css-vars@https://registry.npmjs.org/fbjs-css-vars/-/fbjs-css-vars-1.0.2.tgz 0ms (cache hit)
200 http cache cross-fetch@https://registry.npmjs.org/cross-fetch/-/cross-fetch-3.2.0.tgz 0ms (cache hit)
201 http cache styleq@https://registry.npmjs.org/styleq/-/styleq-0.1.3.tgz 0ms (cache hit)
202 http cache postcss-value-parser@https://registry.npmjs.org/postcss-value-parser/-/postcss-value-parser-4.2.0.tgz 0ms (cache hit)
203 http cache inline-style-prefixer@https://registry.npmjs.org/inline-style-prefixer/-/inline-style-prefixer-7.0.1.tgz 0ms (cache hit)
204 http cache fbjs@https://registry.npmjs.org/fbjs/-/fbjs-3.0.5.tgz 0ms (cache hit)
205 http cache iceberg-js@https://registry.npmjs.org/iceberg-js/-/iceberg-js-0.8.1.tgz 0ms (cache hit)
206 http cache @types/ws@https://registry.npmjs.org/@types/ws/-/ws-8.18.1.tgz 0ms (cache hit)
207 http cache @supabase/phoenix@https://registry.npmjs.org/@supabase/phoenix/-/phoenix-0.4.0.tgz 0ms (cache hit)
208 http cache tslib@https://registry.npmjs.org/tslib/-/tslib-2.8.1.tgz 0ms (cache hit)
209 http cache @supabase/storage-js@https://registry.npmjs.org/@supabase/storage-js/-/storage-js-2.103.3.tgz 0ms (cache hit)
210 http cache @supabase/realtime-js@https://registry.npmjs.org/@supabase/realtime-js/-/realtime-js-2.103.3.tgz 0ms (cache hit)
211 http cache @supabase/postgrest-js@https://registry.npmjs.org/@supabase/postgrest-js/-/postgrest-js-2.103.3.tgz 0ms (cache hit)
212 http cache @supabase/functions-js@https://registry.npmjs.org/@supabase/functions-js/-/functions-js-2.103.3.tgz 0ms (cache hit)
213 http cache @supabase/auth-js@https://registry.npmjs.org/@supabase/auth-js/-/auth-js-2.103.3.tgz 0ms (cache hit)
214 http cache @expo/dom-webview@https://registry.npmjs.org/@expo/dom-webview/-/dom-webview-55.0.5.tgz 0ms (cache hit)
215 http cache @expo/log-box@https://registry.npmjs.org/@expo/log-box/-/log-box-55.0.10.tgz 0ms (cache hit)
216 http cache react-native-web@https://registry.npmjs.org/react-native-web/-/react-native-web-0.21.2.tgz 0ms (cache hit)
217 http cache react-dom@https://registry.npmjs.org/react-dom/-/react-dom-19.2.5.tgz 0ms (cache hit)
218 http cache @supabase/supabase-js@https://registry.npmjs.org/@supabase/supabase-js/-/supabase-js-2.103.3.tgz 0ms (cache hit)
219 http cache @expo/metro-runtime@https://registry.npmjs.org/@expo/metro-runtime/-/metro-runtime-55.0.9.tgz 0ms (cache hit)
220 http cache @react-native/normalize-colors@https://registry.npmjs.org/@react-native/normalize-colors/-/normalize-colors-0.74.89.tgz 0ms (cache hit)
221 http cache memoize-one@https://registry.npmjs.org/memoize-one/-/memoize-one-6.0.0.tgz 0ms (cache hit)
222 http cache node-fetch@https://registry.npmjs.org/node-fetch/-/node-fetch-2.7.0.tgz 0ms (cache hit)
223 http cache css-in-js-utils@https://registry.npmjs.org/css-in-js-utils/-/css-in-js-utils-3.1.0.tgz 0ms (cache hit)
224 http cache scheduler@https://registry.npmjs.org/scheduler/-/scheduler-0.27.0.tgz 0ms (cache hit)
225 silly tarball no local data for hyphenate-style-name@https://registry.npmjs.org/hyphenate-style-name/-/hyphenate-style-name-1.1.0.tgz. Extracting by manifest.
226 silly tarball no local data for styleq@https://registry.npmjs.org/styleq/-/styleq-0.1.3.tgz. Extracting by manifest.
227 silly tarball no local data for postcss-value-parser@https://registry.npmjs.org/postcss-value-parser/-/postcss-value-parser-4.2.0.tgz. Extracting by manifest.
228 silly tarball no local data for inline-style-prefixer@https://registry.npmjs.org/inline-style-prefixer/-/inline-style-prefixer-7.0.1.tgz. Extracting by manifest.
229 silly tarball no local data for iceberg-js@https://registry.npmjs.org/iceberg-js/-/iceberg-js-0.8.1.tgz. Extracting by manifest.
230 silly tarball no local data for @types/ws@https://registry.npmjs.org/@types/ws/-/ws-8.18.1.tgz. Extracting by manifest.
231 silly tarball no local data for @supabase/phoenix@https://registry.npmjs.org/@supabase/phoenix/-/phoenix-0.4.0.tgz. Extracting by manifest.
232 silly tarball no local data for @supabase/storage-js@https://registry.npmjs.org/@supabase/storage-js/-/storage-js-2.103.3.tgz. Extracting by manifest.
233 silly tarball no local data for @supabase/realtime-js@https://registry.npmjs.org/@supabase/realtime-js/-/realtime-js-2.103.3.tgz. Extracting by manifest.
234 silly tarball no local data for @supabase/postgrest-js@https://registry.npmjs.org/@supabase/postgrest-js/-/postgrest-js-2.103.3.tgz. Extracting by manifest.
235 silly tarball no local data for @supabase/functions-js@https://registry.npmjs.org/@supabase/functions-js/-/functions-js-2.103.3.tgz. Extracting by manifest.
236 silly tarball no local data for @supabase/auth-js@https://registry.npmjs.org/@supabase/auth-js/-/auth-js-2.103.3.tgz. Extracting by manifest.
237 silly tarball no local data for @expo/dom-webview@https://registry.npmjs.org/@expo/dom-webview/-/dom-webview-55.0.5.tgz. Extracting by manifest.
238 silly tarball no local data for @expo/log-box@https://registry.npmjs.org/@expo/log-box/-/log-box-55.0.10.tgz. Extracting by manifest.
239 silly tarball no local data for react-native-web@https://registry.npmjs.org/react-native-web/-/react-native-web-0.21.2.tgz. Extracting by manifest.
240 silly tarball no local data for react-dom@https://registry.npmjs.org/react-dom/-/react-dom-19.2.5.tgz. Extracting by manifest.
241 silly tarball no local data for @supabase/supabase-js@https://registry.npmjs.org/@supabase/supabase-js/-/supabase-js-2.103.3.tgz. Extracting by manifest.
242 silly tarball no local data for @expo/metro-runtime@https://registry.npmjs.org/@expo/metro-runtime/-/metro-runtime-55.0.9.tgz. Extracting by manifest.
243 silly tarball no local data for @react-native/normalize-colors@https://registry.npmjs.org/@react-native/normalize-colors/-/normalize-colors-0.74.89.tgz. Extracting by manifest.
244 silly tarball no local data for memoize-one@https://registry.npmjs.org/memoize-one/-/memoize-one-6.0.0.tgz. Extracting by manifest.
245 silly tarball no local data for css-in-js-utils@https://registry.npmjs.org/css-in-js-utils/-/css-in-js-utils-3.1.0.tgz. Extracting by manifest.
246 silly tarball no local data for scheduler@https://registry.npmjs.org/scheduler/-/scheduler-0.27.0.tgz. Extracting by manifest.
247 http fetch POST 200 https://registry.npmjs.org/-/npm/v1/security/advisories/bulk 268ms
248 silly audit report {}
249 http fetch GET 200 https://registry.npmjs.org/hyphenate-style-name/-/hyphenate-style-name-1.1.0.tgz 626ms (cache miss)
250 http fetch GET 200 https://registry.npmjs.org/styleq/-/styleq-0.1.3.tgz 626ms (cache miss)
251 http fetch GET 200 https://registry.npmjs.org/@expo/metro-runtime/-/metro-runtime-55.0.9.tgz 982ms (cache miss)
252 http fetch GET 200 https://registry.npmjs.org/@types/ws/-/ws-8.18.1.tgz 1007ms (cache miss)
253 http fetch GET 200 https://registry.npmjs.org/scheduler/-/scheduler-0.27.0.tgz 1001ms (cache miss)
254 http fetch GET 200 https://registry.npmjs.org/@react-native/normalize-colors/-/normalize-colors-0.74.89.tgz 1016ms (cache miss)
255 http fetch GET 200 https://registry.npmjs.org/postcss-value-parser/-/postcss-value-parser-4.2.0.tgz 1190ms (cache miss)
256 http fetch GET 200 https://registry.npmjs.org/memoize-one/-/memoize-one-6.0.0.tgz 1449ms (cache miss)
257 http fetch GET 200 https://registry.npmjs.org/iceberg-js/-/iceberg-js-0.8.1.tgz 1503ms (cache miss)
258 http fetch GET 200 https://registry.npmjs.org/@supabase/supabase-js/-/supabase-js-2.103.3.tgz 2382ms (cache miss)
259 http fetch GET 200 https://registry.npmjs.org/css-in-js-utils/-/css-in-js-utils-3.1.0.tgz 2400ms (cache miss)
260 http fetch GET 200 https://registry.npmjs.org/@supabase/storage-js/-/storage-js-2.103.3.tgz 2761ms (cache miss)
261 http fetch GET 200 https://registry.npmjs.org/@supabase/postgrest-js/-/postgrest-js-2.103.3.tgz 2777ms (cache miss)
262 http fetch GET 200 https://registry.npmjs.org/inline-style-prefixer/-/inline-style-prefixer-7.0.1.tgz 2902ms (cache miss)
263 http fetch GET 200 https://registry.npmjs.org/@supabase/functions-js/-/functions-js-2.103.3.tgz 2910ms (cache miss)
264 http fetch GET 200 https://registry.npmjs.org/@supabase/phoenix/-/phoenix-0.4.0.tgz 3002ms (cache miss)
265 http fetch GET 200 https://registry.npmjs.org/@expo/log-box/-/log-box-55.0.10.tgz 3146ms (cache miss)
266 http fetch GET 200 https://registry.npmjs.org/@expo/dom-webview/-/dom-webview-55.0.5.tgz 3171ms (cache miss)
267 http fetch GET 200 https://registry.npmjs.org/react-dom/-/react-dom-19.2.5.tgz 3169ms (cache miss)
268 http fetch GET 200 https://registry.npmjs.org/@supabase/realtime-js/-/realtime-js-2.103.3.tgz 3380ms (cache miss)
269 http fetch GET 200 https://registry.npmjs.org/@supabase/auth-js/-/auth-js-2.103.3.tgz 3561ms (cache miss)
270 http fetch GET 200 https://registry.npmjs.org/react-native-web/-/react-native-web-0.21.2.tgz 4974ms (cache miss)
271 silly ADD node_modules/webidl-conversions
272 silly ADD node_modules/tr46
273 silly ADD node_modules/whatwg-url
274 silly ADD node_modules/hyphenate-style-name
275 silly ADD node_modules/css-in-js-utils
276 silly ADD node_modules/node-fetch
277 silly ADD node_modules/ua-parser-js
278 silly ADD node_modules/setimmediate
279 silly ADD node_modules/promise
280 silly ADD node_modules/fbjs-css-vars
281 silly ADD node_modules/cross-fetch
282 silly ADD node_modules/styleq
283 silly ADD node_modules/postcss-value-parser
284 silly ADD node_modules/inline-style-prefixer
285 silly ADD node_modules/fbjs
286 silly ADD node_modules/iceberg-js
287 silly ADD node_modules/@types/ws
288 silly ADD node_modules/@supabase/phoenix
289 silly ADD node_modules/tslib
290 silly ADD node_modules/@supabase/storage-js
291 silly ADD node_modules/@supabase/realtime-js
292 silly ADD node_modules/@supabase/postgrest-js
293 silly ADD node_modules/@supabase/functions-js
294 silly ADD node_modules/@supabase/auth-js
295 silly ADD node_modules/@expo/dom-webview
296 silly ADD node_modules/@expo/log-box
297 silly ADD node_modules/react-native-web
298 silly ADD node_modules/react-native-web/node_modules/memoize-one
299 silly ADD node_modules/react-native-web/node_modules/@react-native/normalize-colors
300 silly ADD node_modules/react-dom
301 silly ADD node_modules/react-dom/node_modules/scheduler
302 silly ADD node_modules/@supabase/supabase-js
303 silly ADD node_modules/@expo/metro-runtime
304 verbose cwd /Users/andrewmarkschaffer/App Development/magic-the-practicing-app
305 verbose os Darwin 23.6.0
306 verbose node v24.14.1
307 verbose npm  v11.11.0
308 verbose exit 0
309 info ok
